<?xml version="1.0" encoding="UTF-8"?>
<testsuite name="hudson.scheduler.CronTabDayOfWeekLocaleTest" time="0.392" tests="2983" errors="0" skipped="0" failures="0">
  <properties>
[...]
</properties>
  <testcase name="isSundayAndPreviousRunIsTuesday[0]" classname="hudson.scheduler.CronTabDayOfWeekLocaleTest" time="0.001"/>
  <testcase name="isSundayAndPreviousRunIsThursday[0]" classname="hudson.scheduler.CronTabDayOfWeekLocaleTest" time="0.005"/>
  <testcase name="isSundayAndPreviousRunIsWednesday[0]" classname="hudson.scheduler.CronTabDayOfWeekLocaleTest" time="0.001"/>
  <testcase name="isSundayAndPreviousRunIsSaturday[0]" classname="hudson.scheduler.CronTabDayOfWeekLocaleTest" time="0"/>
  <testcase name="isSundayAndPreviousRunIsPreviousSunday[0]" classname="hudson.scheduler.CronTabDayOfWeekLocaleTest" time="0.001"/>
  <testcase name="isSundayAndNextRunIsFriday[0]" classname="hudson.scheduler.CronTabDayOfWeekLocaleTest" time="0"/>
  <testcase name="isSundayAndPreviousRunIsSaturdayAsterisk[0]" classname="hudson.scheduler.CronTabDayOfWeekLocaleTest" time="0"/>
  <testcase name="isSundayAndNextRunIsMonday[0]" classname="hudson.scheduler.CronTabDayOfWeekLocaleTest" time="0"/>
  <testcase name="isSundayAndPreviousRunIsFriday[0]" classname="hudson.scheduler.CronTabDayOfWeekLocaleTest" time="0"/>
  <testcase name="isSundayAndNextRunIsTuesday[0]" classname="hudson.scheduler.CronTabDayOfWeekLocaleTest" time="0.001"/>
  <testcase name="isSundayAndNextRunIsNextSunday7[0]" classname="hudson.scheduler.CronTabDayOfWeekLocaleTest" time="0.008"/>
  <testcase name="isSundayAndPreviousRunIsMonday[0]" classname="hudson.scheduler.CronTabDayOfWeekLocaleTest" time="0"/>
  <testcase name="isSaturdayAndNextRunIsSundayAsterisk[0]" classname="hudson.scheduler.CronTabDayOfWeekLocaleTest" time="0"/>
  <testcase name="hudson8658[0]" classname="hudson.scheduler.CronTabDayOfWeekLocaleTest" time="0.001"/>
  <testcase name="isSundayAndNextRunIsNextSunday[0]" classname="hudson.scheduler.CronTabDayOfWeekLocaleTest" time="0"/>
  <testcase name="isSundayAndNextRunIsThursday[0]" classname="hudson.scheduler.CronTabDayOfWeekLocaleTest" time="0"/>
  <testcase name="isSundayAndPreviousRunIsPreviousSunday7[0]" classname="hudson.scheduler.CronTabDayOfWeekLocaleTest" time="0"/>
  <testcase name="isSundayAndNextRunIsWednesday[0]" classname="hudson.scheduler.CronTabDayOfWeekLocaleTest" time="0"/>
  <testcase name="isSundayAndNextRunIsSaturday[0]" classname="hudson.scheduler.CronTabDayOfWeekLocaleTest" time="0.001"/>
  <testcase name="isSundayAndPreviousRunIsTuesday[1]" classname="hudson.scheduler.CronTabDayOfWeekLocaleTest" time="0"/>
  <testcase name="isSundayAndPreviousRunIsThursday[1]" classname="hudson.scheduler.CronTabDayOfWeekLocaleTest" time="0.001"/>
  <testcase name="isSundayAndPreviousRunIsWednesday[1]" classname="hudson.scheduler.CronTabDayOfWeekLocaleTest" time="0"/>
  <testcase name="isSundayAndPreviousRunIsSaturday[1]" classname="hudson.scheduler.CronTabDayOfWeekLocaleTest" time="0"/>
  <testcase name="isSundayAndPreviousRunIsPreviousSunday[1]" classname="hudson.scheduler.CronTabDayOfWeekLocaleTest" time="0"/>
  <testcase name="isSundayAndNextRunIsFriday[1]" classname="hudson.scheduler.CronTabDayOfWeekLocaleTest" time="0"/>
  <testcase name="isSundayAndPreviousRunIsSaturdayAsterisk[1]" classname="hudson.scheduler.CronTabDayOfWeekLocaleTest" time="0.001"/>
  <testcase name="isSundayAndNextRunIsMonday[1]" classname="hudson.scheduler.CronTabDayOfWeekLocaleTest" time="0"/>
  <testcase name="isSundayAndPreviousRunIsFriday[1]" classname="hudson.scheduler.CronTabDayOfWeekLocaleTest" time="0.001"/>
  <testcase name="isSundayAndNextRunIsTuesday[1]" classname="hudson.scheduler.CronTabDayOfWeekLocaleTest" time="0"/>
  <testcase name="isSundayAndNextRunIsNextSunday7[1]" classname="hudson.scheduler.CronTabDayOfWeekLocaleTest" time="0"/>
  <testcase name="isSundayAndPreviousRunIsMonday[1]" classname="hudson.scheduler.CronTabDayOfWeekLocaleTest" time="0.001"/>
  <testcase name="isSaturdayAndNextRunIsSundayAsterisk[1]" classname="hudson.scheduler.CronTabDayOfWeekLocaleTest" time="0"/>
  <testcase name="hudson8658[1]" classname="hudson.scheduler.CronTabDayOfWeekLocaleTest" time="0"/>
  <testcase name="isSundayAndNextRunIsNextSunday[1]" classname="hudson.scheduler.CronTabDayOfWeekLocaleTest" time="0.001"/>
  <testcase name="isSundayAndNextRunIsThursday[1]" classname="hudson.scheduler.CronTabDayOfWeekLocaleTest" time="0"/>
  <testcase name="isSundayAndPreviousRunIsPreviousSunday7[1]" classname="hudson.scheduler.CronTabDayOfWeekLocaleTest" time="0.004"/>
  <testcase name="isSundayAndNextRunIsWednesday[1]" classname="hudson.scheduler.CronTabDayOfWeekLocaleTest" time="0"/>
  <testcase name="isSundayAndNextRunIsSaturday[1]" classname="hudson.scheduler.CronTabDayOfWeekLocaleTest" time="0"/>
  <testcase name="isSundayAndPreviousRunIsTuesday[2]" classname="hudson.scheduler.CronTabDayOfWeekLocaleTest" time="0.001"/>
  <testcase name="isSundayAndPreviousRunIsThursday[2]" classname="hudson.scheduler.CronTabDayOfWeekLocaleTest" time="0"/>
  <testcase name="isSundayAndPreviousRunIsWednesday[2]" classname="hudson.scheduler.CronTabDayOfWeekLocaleTest" time="0.003"/>
  <testcase name="isSundayAndPreviousRunIsSaturday[2]" classname="hudson.scheduler.CronTabDayOfWeekLocaleTest" time="0.001"/>
  <testcase name="isSundayAndPreviousRunIsPreviousSunday[2]" classname="hudson.scheduler.CronTabDayOfWeekLocaleTest" time="0"/>
  <testcase name="isSundayAndNextRunIsFriday[2]" classname="hudson.scheduler.CronTabDayOfWeekLocaleTest" time="0.001"/>
  <testcase name="isSundayAndPreviousRunIsSaturdayAsterisk[2]" classname="hudson.scheduler.CronTabDayOfWeekLocaleTest" time="0"/>
  <testcase name="isSundayAndNextRunIsMonday[2]" classname="hudson.scheduler.CronTabDayOfWeekLocaleTest" time="0.001"/>
  <testcase name="isSundayAndPreviousRunIsFriday[2]" classname="hudson.scheduler.CronTabDayOfWeekLocaleTest" time="0.002"/>
  <testcase name="isSundayAndNextRunIsTuesday[2]" classname="hudson.scheduler.CronTabDayOfWeekLocaleTest" time="0.001"/>
  <testcase name="isSundayAndNextRunIsNextSunday7[2]" classname="hudson.scheduler.CronTabDayOfWeekLocaleTest" time="0.001"/>
  <testcase name="isSundayAndPreviousRunIsMonday[2]" classname="hudson.scheduler.CronTabDayOfWeekLocaleTest" time="0"/>
  <testcase name="isSaturdayAndNextRunIsSundayAsterisk[2]" classname="hudson.scheduler.CronTabDayOfWeekLocaleTest" time="0"/>
  <testcase name="hudson8658[2]" classname="hudson.scheduler.CronTabDayOfWeekLocaleTest" time="0"/>
  <testcase name="isSundayAndNextRunIsNextSunday[2]" classname="hudson.scheduler.CronTabDayOfWeekLocaleTest" time="0.001"/>
  <testcase name="isSundayAndNextRunIsThursday[2]" classname="hudson.scheduler.CronTabDayOfWeekLocaleTest" time="0.004"/>
  <testcase name="isSundayAndPreviousRunIsPreviousSunday7[2]" classname="hudson.scheduler.CronTabDayOfWeekLocaleTest" time="0"/>
  <testcase name="isSundayAndNextRunIsWednesday[2]" classname="hudson.scheduler.CronTabDayOfWeekLocaleTest" time="0.001"/>
  <testcase name="isSundayAndNextRunIsSaturday[2]" classname="hudson.scheduler.CronTabDayOfWeekLocaleTest" time="0"/>
  <testcase name="isSundayAndPreviousRunIsTuesday[3]" classname="hudson.scheduler.CronTabDayOfWeekLocaleTest" time="0.001"/>
  <testcase name="isSundayAndPreviousRunIsThursday[3]" classname="hudson.scheduler.CronTabDayOfWeekLocaleTest" time="0"/>
  <testcase name="isSundayAndPreviousRunIsWednesday[3]" classname="hudson.scheduler.CronTabDayOfWeekLocaleTest" time="0"/>
  <testcase name="isSundayAndPreviousRunIsSaturday[3]" classname="hudson.scheduler.CronTabDayOfWeekLocaleTest" time="0"/>
  <testcase name="isSundayAndPreviousRunIsPreviousSunday[3]" classname="hudson.scheduler.CronTabDayOfWeekLocaleTest" time="0"/>
  <testcase name="isSundayAndNextRunIsFriday[3]" classname="hudson.scheduler.CronTabDayOfWeekLocaleTest" time="0"/>
  <testcase name="isSundayAndPreviousRunIsSaturdayAsterisk[3]" classname="hudson.scheduler.CronTabDayOfWeekLocaleTest" time="0"/>
  <testcase name="isSundayAndNextRunIsMonday[3]" classname="hudson.scheduler.CronTabDayOfWeekLocaleTest" time="0"/>
  <testcase name="isSundayAndPreviousRunIsFriday[3]" classname="hudson.scheduler.CronTabDayOfWeekLocaleTest" time="0"/>
  <testcase name="isSundayAndNextRunIsTuesday[3]" classname="hudson.scheduler.CronTabDayOfWeekLocaleTest" time="0"/>
  <testcase name="isSundayAndNextRunIsNextSunday7[3]" classname="hudson.scheduler.CronTabDayOfWeekLocaleTest" time="0"/>
  <testcase name="isSundayAndPreviousRunIsMonday[3]" classname="hudson.scheduler.CronTabDayOfWeekLocaleTest" time="0"/>
  <testcase name="isSaturdayAndNextRunIsSundayAsterisk[3]" classname="hudson.scheduler.CronTabDayOfWeekLocaleTest" time="0"/>
  <testcase name="hudson8658[3]" classname="hudson.scheduler.CronTabDayOfWeekLocaleTest" time="0"/>
  <testcase name="isSundayAndNextRunIsNextSunday[3]" classname="hudson.scheduler.CronTabDayOfWeekLocaleTest" time="0"/>
  <testcase name="isSundayAndNextRunIsThursday[3]" classname="hudson.scheduler.CronTabDayOfWeekLocaleTest" time="0"/>
  <testcase name="isSundayAndPreviousRunIsPreviousSunday7[3]" classname="hudson.scheduler.CronTabDayOfWeekLocaleTest" time="0.002"/>
  <testcase name="isSundayAndNextRunIsWednesday[3]" classname="hudson.scheduler.CronTabDayOfWeekLocaleTest" time="0.001"/>
  <testcase name="isSundayAndNextRunIsSaturday[3]" classname="hudson.scheduler.CronTabDayOfWeekLocaleTest" time="0"/>
  <testcase name="isSundayAndPreviousRunIsTuesday[4]" classname="hudson.scheduler.CronTabDayOfWeekLocaleTest" time="0.002"/>
  <testcase name="isSundayAndPreviousRunIsThursday[4]" classname="hudson.scheduler.CronTabDayOfWeekLocaleTest" time="0"/>
  <testcase name="isSundayAndPreviousRunIsWednesday[4]" classname="hudson.scheduler.CronTabDayOfWeekLocaleTest" time="0.001"/>
  <testcase name="isSundayAndPreviousRunIsSaturday[4]" classname="hudson.scheduler.CronTabDayOfWeekLocaleTest" time="0.001"/>
  <testcase name="isSundayAndPreviousRunIsPreviousSunday[4]" classname="hudson.scheduler.CronTabDayOfWeekLocaleTest" time="0.001"/>
  <testcase name="isSundayAndNextRunIsFriday[4]" classname="hudson.scheduler.CronTabDayOfWeekLocaleTest" time="0.001"/>
  <testcase name="isSundayAndPreviousRunIsSaturdayAsterisk[4]" classname="hudson.scheduler.CronTabDayOfWeekLocaleTest" time="0"/>
  <testcase name="isSundayAndNextRunIsMonday[4]" classname="hudson.scheduler.CronTabDayOfWeekLocaleTest" time="0.001"/>
  <testcase name="isSundayAndPreviousRunIsFriday[4]" classname="hudson.scheduler.CronTabDayOfWeekLocaleTest" time="0.001"/>
  <testcase name="isSundayAndNextRunIsTuesday[4]" classname="hudson.scheduler.CronTabDayOfWeekLocaleTest" time="0.001"/>
  <testcase name="isSundayAndNextRunIsNextSunday7[4]" classname="hudson.scheduler.CronTabDayOfWeekLocaleTest" time="0"/>
  <testcase name="isSundayAndPreviousRunIsMonday[4]" classname="hudson.scheduler.CronTabDayOfWeekLocaleTest" time="0.001"/>
  <testcase name="isSaturdayAndNextRunIsSundayAsterisk[4]" classname="hudson.scheduler.CronTabDayOfWeekLocaleTest" time="0.001"/>
  <testcase name="hudson8658[4]" classname="hudson.scheduler.CronTabDayOfWeekLocaleTest" time="0"/>
  <testcase name="isSundayAndNextRunIsNextSunday[4]" classname="hudson.scheduler.CronTabDayOfWeekLocaleTest" time="0"/>
  <testcase name="isSundayAndNextRunIsThursday[4]" classname="hudson.scheduler.CronTabDayOfWeekLocaleTest" time="0.001"/>
  <testcase name="isSundayAndPreviousRunIsPreviousSunday7[4]" classname="hudson.scheduler.CronTabDayOfWeekLocaleTest" time="0"/>
  <testcase name="isSundayAndNextRunIsWednesday[4]" classname="hudson.scheduler.CronTabDayOfWeekLocaleTest" time="0.001"/>
  <testcase name="isSundayAndNextRunIsSaturday[4]" classname="hudson.scheduler.CronTabDayOfWeekLocaleTest" time="0.001"/>
  <testcase name="isSundayAndPreviousRunIsTuesday[5]" classname="hudson.scheduler.CronTabDayOfWeekLocaleTest" time="0"/>
  <testcase name="isSundayAndPreviousRunIsThursday[5]" classname="hudson.scheduler.CronTabDayOfWeekLocaleTest" time="0"/>
  <testcase name="isSundayAndPreviousRunIsWednesday[5]" classname="hudson.scheduler.CronTabDayOfWeekLocaleTest" time="0"/>
  <testcase name="isSundayAndPreviousRunIsSaturday[5]" classname="hudson.scheduler.CronTabDayOfWeekLocaleTest" time="0"/>
  <testcase name="isSundayAndPreviousRunIsPreviousSunday[5]" classname="hudson.scheduler.CronTabDayOfWeekLocaleTest" time="0"/>
  <testcase name="isSundayAndNextRunIsFriday[5]" classname="hudson.scheduler.CronTabDayOfWeekLocaleTest" time="0"/>
  <testcase name="isSundayAndPreviousRunIsSaturdayAsterisk[5]" classname="hudson.scheduler.CronTabDayOfWeekLocaleTest" time="0"/>
  <testcase name="isSundayAndNextRunIsMonday[5]" classname="hudson.scheduler.CronTabDayOfWeekLocaleTest" time="0"/>
  <testcase name="isSundayAndPreviousRunIsFriday[5]" classname="hudson.scheduler.CronTabDayOfWeekLocaleTest" time="0"/>
  <testcase name="isSundayAndNextRunIsTuesday[5]" classname="hudson.scheduler.CronTabDayOfWeekLocaleTest" time="0"/>
  <testcase name="isSundayAndNextRunIsNextSunday7[5]" classname="hudson.scheduler.CronTabDayOfWeekLocaleTest" time="0"/>
  <testcase name="isSundayAndPreviousRunIsMonday[5]" classname="hudson.scheduler.CronTabDayOfWeekLocaleTest" time="0"/>
  <testcase name="isSaturdayAndNextRunIsSundayAsterisk[5]" classname="hudson.scheduler.CronTabDayOfWeekLocaleTest" time="0.001"/>
  <testcase name="hudson8658[5]" classname="hudson.scheduler.CronTabDayOfWeekLocaleTest" time="0"/>
  <testcase name="isSundayAndNextRunIsNextSunday[5]" classname="hudson.scheduler.CronTabDayOfWeekLocaleTest" time="0.001"/>
  <testcase name="isSundayAndNextRunIsThursday[5]" classname="hudson.scheduler.CronTabDayOfWeekLocaleTest" time="0"/>
  <testcase name="isSundayAndPreviousRunIsPreviousSunday7[5]" classname="hudson.scheduler.CronTabDayOfWeekLocaleTest" time="0"/>
  <testcase name="isSundayAndNextRunIsWednesday[5]" classname="hudson.scheduler.CronTabDayOfWeekLocaleTest" time="0"/>
  <testcase name="isSundayAndNextRunIsSaturday[5]" classname="hudson.scheduler.CronTabDayOfWeekLocaleTest" time="0"/>
  <testcase name="isSundayAndPreviousRunIsTuesday[6]" classname="hudson.scheduler.CronTabDayOfWeekLocaleTest" time="0.001"/>
  <testcase name="isSundayAndPreviousRunIsThursday[6]" classname="hudson.scheduler.CronTabDayOfWeekLocaleTest" time="0"/>
  <testcase name="isSundayAndPreviousRunIsWednesday[6]" classname="hudson.scheduler.CronTabDayOfWeekLocaleTest" time="0"/>
  <testcase name="isSundayAndPreviousRunIsSaturday[6]" classname="hudson.scheduler.CronTabDayOfWeekLocaleTest" time="0"/>
  <testcase name="isSundayAndPreviousRunIsPreviousSunday[6]" classname="hudson.scheduler.CronTabDayOfWeekLocaleTest" time="0"/>
  <testcase name="isSundayAndNextRunIsFriday[6]" classname="hudson.scheduler.CronTabDayOfWeekLocaleTest" time="0.001"/>
  <testcase name="isSundayAndPreviousRunIsSaturdayAsterisk[6]" classname="hudson.scheduler.CronTabDayOfWeekLocaleTest" time="0.007"/>
  <testcase name="isSundayAndNextRunIsMonday[6]" classname="hudson.scheduler.CronTabDayOfWeekLocaleTest" time="0"/>
  <testcase name="isSundayAndPreviousRunIsFriday[6]" classname="hudson.scheduler.CronTabDayOfWeekLocaleTest" time="0.001"/>
  <testcase name="isSundayAndNextRunIsTuesday[6]" classname="hudson.scheduler.CronTabDayOfWeekLocaleTest" time="0"/>
  <testcase name="isSundayAndNextRunIsNextSunday7[6]" classname="hudson.scheduler.CronTabDayOfWeekLocaleTest" time="0.001"/>
  <testcase name="isSundayAndPreviousRunIsMonday[6]" classname="hudson.scheduler.CronTabDayOfWeekLocaleTest" time="0"/>
  <testcase name="isSaturdayAndNextRunIsSundayAsterisk[6]" classname="hudson.scheduler.CronTabDayOfWeekLocaleTest" time="0"/>
  <testcase name="hudson8658[6]" classname="hudson.scheduler.CronTabDayOfWeekLocaleTest" time="0"/>
  <testcase name="isSundayAndNextRunIsNextSunday[6]" classname="hudson.scheduler.CronTabDayOfWeekLocaleTest" time="0"/>
  <testcase name="isSundayAndNextRunIsThursday[6]" classname="hudson.scheduler.CronTabDayOfWeekLocaleTest" time="0.001"/>
  <testcase name="isSundayAndPreviousRunIsPreviousSunday7[6]" classname="hudson.scheduler.CronTabDayOfWeekLocaleTest" time="0"/>
  <testcase name="isSundayAndNextRunIsWednesday[6]" classname="hudson.scheduler.CronTabDayOfWeekLocaleTest" time="0"/>
  <testcase name="isSundayAndNextRunIsSaturday[6]" classname="hudson.scheduler.CronTabDayOfWeekLocaleTest" time="0.001"/>
  <testcase name="isSundayAndPreviousRunIsTuesday[7]" classname="hudson.scheduler.CronTabDayOfWeekLocaleTest" time="0"/>
  <testcase name="isSundayAndPreviousRunIsThursday[7]" classname="hudson.scheduler.CronTabDayOfWeekLocaleTest" time="0.001"/>
  <testcase name="isSundayAndPreviousRunIsWednesday[7]" classname="hudson.scheduler.CronTabDayOfWeekLocaleTest" time="0"/>
  <testcase name="isSundayAndPreviousRunIsSaturday[7]" classname="hudson.scheduler.CronTabDayOfWeekLocaleTest" time="0"/>
  <testcase name="isSundayAndPreviousRunIsPreviousSunday[7]" classname="hudson.scheduler.CronTabDayOfWeekLocaleTest" time="0.001"/>
  <testcase name="isSundayAndNextRunIsFriday[7]" classname="hudson.scheduler.CronTabDayOfWeekLocaleTest" time="0"/>
  <testcase name="isSundayAndPreviousRunIsSaturdayAsterisk[7]" classname="hudson.scheduler.CronTabDayOfWeekLocaleTest" time="0.001"/>
  <testcase name="isSundayAndNextRunIsMonday[7]" classname="hudson.scheduler.CronTabDayOfWeekLocaleTest" time="0"/>
  <testcase name="isSundayAndPreviousRunIsFriday[7]" classname="hudson.scheduler.CronTabDayOfWeekLocaleTest" time="0"/>
  <testcase name="isSundayAndNextRunIsTuesday[7]" classname="hudson.scheduler.CronTabDayOfWeekLocaleTest" time="0"/>
  <testcase name="isSundayAndNextRunIsNextSunday7[7]" classname="hudson.scheduler.CronTabDayOfWeekLocaleTest" time="0"/>
  <testcase name="isSundayAndPreviousRunIsMonday[7]" classname="hudson.scheduler.CronTabDayOfWeekLocaleTest" time="0"/>
  <testcase name="isSaturdayAndNextRunIsSundayAsterisk[7]" classname="hudson.scheduler.CronTabDayOfWeekLocaleTest" time="0"/>
  <testcase name="hudson8658[7]" classname="hudson.scheduler.CronTabDayOfWeekLocaleTest" time="0"/>
  <testcase name="isSundayAndNextRunIsNextSunday[7]" classname="hudson.scheduler.CronTabDayOfWeekLocaleTest" time="0.005"/>
  <testcase name="isSundayAndNextRunIsThursday[7]" classname="hudson.scheduler.CronTabDayOfWeekLocaleTest" time="0.001"/>
  <testcase name="isSundayAndPreviousRunIsPreviousSunday7[7]" classname="hudson.scheduler.CronTabDayOfWeekLocaleTest" time="0"/>
  <testcase name="isSundayAndNextRunIsWednesday[7]" classname="hudson.scheduler.CronTabDayOfWeekLocaleTest" time="0.001"/>
  <testcase name="isSundayAndNextRunIsSaturday[7]" classname="hudson.scheduler.CronTabDayOfWeekLocaleTest" time="0"/>
  <testcase name="isSundayAndPreviousRunIsTuesday[8]" classname="hudson.scheduler.CronTabDayOfWeekLocaleTest" time="0.001"/>
  <testcase name="isSundayAndPreviousRunIsThursday[8]" classname="hudson.scheduler.CronTabDayOfWeekLocaleTest" time="0"/>
  <testcase name="isSundayAndPreviousRunIsWednesday[8]" classname="hudson.scheduler.CronTabDayOfWeekLocaleTest" time="0.007"/>
  <testcase name="isSundayAndPreviousRunIsSaturday[8]" classname="hudson.scheduler.CronTabDayOfWeekLocaleTest" time="0"/>
  <testcase name="isSundayAndPreviousRunIsPreviousSunday[8]" classname="hudson.scheduler.CronTabDayOfWeekLocaleTest" time="0"/>
  <testcase name="isSundayAndNextRunIsFriday[8]" classname="hudson.scheduler.CronTabDayOfWeekLocaleTest" time="0"/>
  <testcase name="isSundayAndPreviousRunIsSaturdayAsterisk[8]" classname="hudson.scheduler.CronTabDayOfWeekLocaleTest" time="0.001"/>
  <testcase name="isSundayAndNextRunIsMonday[8]" classname="hudson.scheduler.CronTabDayOfWeekLocaleTest" time="0"/>
  <testcase name="isSundayAndPreviousRunIsFriday[8]" classname="hudson.scheduler.CronTabDayOfWeekLocaleTest" time="0"/>
  <testcase name="isSundayAndNextRunIsTuesday[8]" classname="hudson.scheduler.CronTabDayOfWeekLocaleTest" time="0.001"/>
  <testcase name="isSundayAndNextRunIsNextSunday7[8]" classname="hudson.scheduler.CronTabDayOfWeekLocaleTest" time="0"/>
  <testcase name="isSundayAndPreviousRunIsMonday[8]" classname="hudson.scheduler.CronTabDayOfWeekLocaleTest" time="0"/>
  <testcase name="isSaturdayAndNextRunIsSundayAsterisk[8]" classname="hudson.scheduler.CronTabDayOfWeekLocaleTest" time="0.001"/>
  <testcase name="hudson8658[8]" classname="hudson.scheduler.CronTabDayOfWeekLocaleTest" time="0"/>
  <testcase name="isSundayAndNextRunIsNextSunday[8]" classname="hudson.scheduler.CronTabDayOfWeekLocaleTest" time="0"/>
  <testcase name="isSundayAndNextRunIsThursday[8]" classname="hudson.scheduler.CronTabDayOfWeekLocaleTest" time="0.001"/>
  <testcase name="isSundayAndPreviousRunIsPreviousSunday7[8]" classname="hudson.scheduler.CronTabDayOfWeekLocaleTest" time="0"/>
  <testcase name="isSundayAndNextRunIsWednesday[8]" classname="hudson.scheduler.CronTabDayOfWeekLocaleTest" time="0"/>
  <testcase name="isSundayAndNextRunIsSaturday[8]" classname="hudson.scheduler.CronTabDayOfWeekLocaleTest" time="0"/>
  <testcase name="isSundayAndPreviousRunIsTuesday[9]" classname="hudson.scheduler.CronTabDayOfWeekLocaleTest" time="0"/>
  <testcase name="isSundayAndPreviousRunIsThursday[9]" classname="hudson.scheduler.CronTabDayOfWeekLocaleTest" time="0.001"/>
  <testcase name="isSundayAndPreviousRunIsWednesday[9]" classname="hudson.scheduler.CronTabDayOfWeekLocaleTest" time="0"/>
  <testcase name="isSundayAndPreviousRunIsSaturday[9]" classname="hudson.scheduler.CronTabDayOfWeekLocaleTest" time="0"/>
  <testcase name="isSundayAndPreviousRunIsPreviousSunday[9]" classname="hudson.scheduler.CronTabDayOfWeekLocaleTest" time="0.001"/>
  <testcase name="isSundayAndNextRunIsFriday[9]" classname="hudson.scheduler.CronTabDayOfWeekLocaleTest" time="0"/>
  <testcase name="isSundayAndPreviousRunIsSaturdayAsterisk[9]" classname="hudson.scheduler.CronTabDayOfWeekLocaleTest" time="0"/>
  <testcase name="isSundayAndNextRunIsMonday[9]" classname="hudson.scheduler.CronTabDayOfWeekLocaleTest" time="0.001"/>
  <testcase name="isSundayAndPreviousRunIsFriday[9]" classname="hudson.scheduler.CronTabDayOfWeekLocaleTest" time="0"/>
  <testcase name="isSundayAndNextRunIsTuesday[9]" classname="hudson.scheduler.CronTabDayOfWeekLocaleTest" time="0"/>
  <testcase name="isSundayAndNextRunIsNextSunday7[9]" classname="hudson.scheduler.CronTabDayOfWeekLocaleTest" time="0"/>
  <testcase name="isSundayAndPreviousRunIsMonday[9]" classname="hudson.scheduler.CronTabDayOfWeekLocaleTest" time="0"/>
  <testcase name="isSaturdayAndNextRunIsSundayAsterisk[9]" classname="hudson.scheduler.CronTabDayOfWeekLocaleTest" time="0"/>
  <testcase name="hudson8658[9]" classname="hudson.scheduler.CronTabDayOfWeekLocaleTest" time="0"/>
  <testcase name="isSundayAndNextRunIsNextSunday[9]" classname="hudson.scheduler.CronTabDayOfWeekLocaleTest" time="0"/>
  <testcase name="isSundayAndNextRunIsThursday[9]" classname="hudson.scheduler.CronTabDayOfWeekLocaleTest" time="0"/>
  <testcase name="isSundayAndPreviousRunIsPreviousSunday7[9]" classname="hudson.scheduler.CronTabDayOfWeekLocaleTest" time="0"/>
  <testcase name="isSundayAndNextRunIsWednesday[9]" classname="hudson.scheduler.CronTabDayOfWeekLocaleTest" time="0"/>
  <testcase name="isSundayAndNextRunIsSaturday[9]" classname="hudson.scheduler.CronTabDayOfWeekLocaleTest" time="0"/>
  <testcase name="isSundayAndPreviousRunIsTuesday[10]" classname="hudson.scheduler.CronTabDayOfWeekLocaleTest" time="0.001"/>
  <testcase name="isSundayAndPreviousRunIsThursday[10]" classname="hudson.scheduler.CronTabDayOfWeekLocaleTest" time="0"/>
  <testcase name="isSundayAndPreviousRunIsWednesday[10]" classname="hudson.scheduler.CronTabDayOfWeekLocaleTest" time="0"/>
  <testcase name="isSundayAndPreviousRunIsSaturday[10]" classname="hudson.scheduler.CronTabDayOfWeekLocaleTest" time="0.001"/>
  <testcase name="isSundayAndPreviousRunIsPreviousSunday[10]" classname="hudson.scheduler.CronTabDayOfWeekLocaleTest" time="0"/>
  <testcase name="isSundayAndNextRunIsFriday[10]" classname="hudson.scheduler.CronTabDayOfWeekLocaleTest" time="0"/>
  <testcase name="isSundayAndPreviousRunIsSaturdayAsterisk[10]" classname="hudson.scheduler.CronTabDayOfWeekLocaleTest" time="0"/>
  <testcase name="isSundayAndNextRunIsMonday[10]" classname="hudson.scheduler.CronTabDayOfWeekLocaleTest" time="0"/>
  <testcase name="isSundayAndPreviousRunIsFriday[10]" classname="hudson.scheduler.CronTabDayOfWeekLocaleTest" time="0"/>
  <testcase name="isSundayAndNextRunIsTuesday[10]" classname="hudson.scheduler.CronTabDayOfWeekLocaleTest" time="0"/>
  <testcase name="isSundayAndNextRunIsNextSunday7[10]" classname="hudson.scheduler.CronTabDayOfWeekLocaleTest" time="0"/>
  <testcase name="isSundayAndPreviousRunIsMonday[10]" classname="hudson.scheduler.CronTabDayOfWeekLocaleTest" time="0"/>
  <testcase name="isSaturdayAndNextRunIsSundayAsterisk[10]" classname="hudson.scheduler.CronTabDayOfWeekLocaleTest" time="0"/>
  <testcase name="hudson8658[10]" classname="hudson.scheduler.CronTabDayOfWeekLocaleTest" time="0.001"/>
  <testcase name="isSundayAndNextRunIsNextSunday[10]" classname="hudson.scheduler.CronTabDayOfWeekLocaleTest" time="0"/>
  <testcase name="isSundayAndNextRunIsThursday[10]" classname="hudson.scheduler.CronTabDayOfWeekLocaleTest" time="0"/>
  <testcase name="isSundayAndPreviousRunIsPreviousSunday7[10]" classname="hudson.scheduler.CronTabDayOfWeekLocaleTest" time="0.001"/>
  <testcase name="isSundayAndNextRunIsWednesday[10]" classname="hudson.scheduler.CronTabDayOfWeekLocaleTest" time="0"/>
  <testcase name="isSundayAndNextRunIsSaturday[10]" classname="hudson.scheduler.CronTabDayOfWeekLocaleTest" time="0"/>
  <testcase name="isSundayAndPreviousRunIsTuesday[11]" classname="hudson.scheduler.CronTabDayOfWeekLocaleTest" time="0.001"/>
  <testcase name="isSundayAndPreviousRunIsThursday[11]" classname="hudson.scheduler.CronTabDayOfWeekLocaleTest" time="0"/>
  <testcase name="isSundayAndPreviousRunIsWednesday[11]" classname="hudson.scheduler.CronTabDayOfWeekLocaleTest" time="0"/>
  <testcase name="isSundayAndPreviousRunIsSaturday[11]" classname="hudson.scheduler.CronTabDayOfWeekLocaleTest" time="0.001"/>
  <testcase name="isSundayAndPreviousRunIsPreviousSunday[11]" classname="hudson.scheduler.CronTabDayOfWeekLocaleTest" time="0"/>
  <testcase name="isSundayAndNextRunIsFriday[11]" classname="hudson.scheduler.CronTabDayOfWeekLocaleTest" time="0"/>
  <testcase name="isSundayAndPreviousRunIsSaturdayAsterisk[11]" classname="hudson.scheduler.CronTabDayOfWeekLocaleTest" time="0.001"/>
  <testcase name="isSundayAndNextRunIsMonday[11]" classname="hudson.scheduler.CronTabDayOfWeekLocaleTest" time="0"/>
  <testcase name="isSundayAndPreviousRunIsFriday[11]" classname="hudson.scheduler.CronTabDayOfWeekLocaleTest" time="0"/>
  <testcase name="isSundayAndNextRunIsTuesday[11]" classname="hudson.scheduler.CronTabDayOfWeekLocaleTest" time="0.001"/>
  <testcase name="isSundayAndNextRunIsNextSunday7[11]" classname="hudson.scheduler.CronTabDayOfWeekLocaleTest" time="0"/>
  <testcase name="isSundayAndPreviousRunIsMonday[11]" classname="hudson.scheduler.CronTabDayOfWeekLocaleTest" time="0"/>
  <testcase name="isSaturdayAndNextRunIsSundayAsterisk[11]" classname="hudson.scheduler.CronTabDayOfWeekLocaleTest" time="0.001"/>
  <testcase name="hudson8658[11]" classname="hudson.scheduler.CronTabDayOfWeekLocaleTest" time="0"/>
  <testcase name="isSundayAndNextRunIsNextSunday[11]" classname="hudson.scheduler.CronTabDayOfWeekLocaleTest" time="0"/>
  <testcase name="isSundayAndNextRunIsThursday[11]" classname="hudson.scheduler.CronTabDayOfWeekLocaleTest" time="0"/>
  <testcase name="isSundayAndPreviousRunIsPreviousSunday7[11]" classname="hudson.scheduler.CronTabDayOfWeekLocaleTest" time="0.001"/>
  <testcase name="isSundayAndNextRunIsWednesday[11]" classname="hudson.scheduler.CronTabDayOfWeekLocaleTest" time="0"/>
  <testcase name="isSundayAndNextRunIsSaturday[11]" classname="hudson.scheduler.CronTabDayOfWeekLocaleTest" time="0"/>
  <testcase name="isSundayAndPreviousRunIsTuesday[12]" classname="hudson.scheduler.CronTabDayOfWeekLocaleTest" time="0.001"/>
  <testcase name="isSundayAndPreviousRunIsThursday[12]" classname="hudson.scheduler.CronTabDayOfWeekLocaleTest" time="0"/>
  <testcase name="isSundayAndPreviousRunIsWednesday[12]" classname="hudson.scheduler.CronTabDayOfWeekLocaleTest" time="0"/>
  <testcase name="isSundayAndPreviousRunIsSaturday[12]" classname="hudson.scheduler.CronTabDayOfWeekLocaleTest" time="0"/>
  <testcase name="isSundayAndPreviousRunIsPreviousSunday[12]" classname="hudson.scheduler.CronTabDayOfWeekLocaleTest" time="0"/>
  <testcase name="isSundayAndNextRunIsFriday[12]" classname="hudson.scheduler.CronTabDayOfWeekLocaleTest" time="0"/>
  <testcase name="isSundayAndPreviousRunIsSaturdayAsterisk[12]" classname="hudson.scheduler.CronTabDayOfWeekLocaleTest" time="0"/>
  <testcase name="isSundayAndNextRunIsMonday[12]" classname="hudson.scheduler.CronTabDayOfWeekLocaleTest" time="0"/>
  <testcase name="isSundayAndPreviousRunIsFriday[12]" classname="hudson.scheduler.CronTabDayOfWeekLocaleTest" time="0"/>
  <testcase name="isSundayAndNextRunIsTuesday[12]" classname="hudson.scheduler.CronTabDayOfWeekLocaleTest" time="0"/>
  <testcase name="isSundayAndNextRunIsNextSunday7[12]" classname="hudson.scheduler.CronTabDayOfWeekLocaleTest" time="0"/>
  <testcase name="isSundayAndPreviousRunIsMonday[12]" classname="hudson.scheduler.CronTabDayOfWeekLocaleTest" time="0"/>
  <testcase name="isSaturdayAndNextRunIsSundayAsterisk[12]" classname="hudson.scheduler.CronTabDayOfWeekLocaleTest" time="0"/>
  <testcase name="hudson8658[12]" classname="hudson.scheduler.CronTabDayOfWeekLocaleTest" time="0"/>
  <testcase name="isSundayAndNextRunIsNextSunday[12]" classname="hudson.scheduler.CronTabDayOfWeekLocaleTest" time="0"/>
  <testcase name="isSundayAndNextRunIsThursday[12]" classname="hudson.scheduler.CronTabDayOfWeekLocaleTest" time="0"/>
  <testcase name="isSundayAndPreviousRunIsPreviousSunday7[12]" classname="hudson.scheduler.CronTabDayOfWeekLocaleTest" time="0"/>
  <testcase name="isSundayAndNextRunIsWednesday[12]" classname="hudson.scheduler.CronTabDayOfWeekLocaleTest" time="0"/>
  <testcase name="isSundayAndNextRunIsSaturday[12]" classname="hudson.scheduler.CronTabDayOfWeekLocaleTest" time="0"/>
  <testcase name="isSundayAndPreviousRunIsTuesday[13]" classname="hudson.scheduler.CronTabDayOfWeekLocaleTest" time="0"/>
  <testcase name="isSundayAndPreviousRunIsThursday[13]" classname="hudson.scheduler.CronTabDayOfWeekLocaleTest" time="0"/>
  <testcase name="isSundayAndPreviousRunIsWednesday[13]" classname="hudson.scheduler.CronTabDayOfWeekLocaleTest" time="0"/>
  <testcase name="isSundayAndPreviousRunIsSaturday[13]" classname="hudson.scheduler.CronTabDayOfWeekLocaleTest" time="0"/>
  <testcase name="isSundayAndPreviousRunIsPreviousSunday[13]" classname="hudson.scheduler.CronTabDayOfWeekLocaleTest" time="0"/>
  <testcase name="isSundayAndNextRunIsFriday[13]" classname="hudson.scheduler.CronTabDayOfWeekLocaleTest" time="0"/>
  <testcase name="isSundayAndPreviousRunIsSaturdayAsterisk[13]" classname="hudson.scheduler.CronTabDayOfWeekLocaleTest" time="0"/>
  <testcase name="isSundayAndNextRunIsMonday[13]" classname="hudson.scheduler.CronTabDayOfWeekLocaleTest" time="0.001"/>
  <testcase name="isSundayAndPreviousRunIsFriday[13]" classname="hudson.scheduler.CronTabDayOfWeekLocaleTest" time="0"/>
  <testcase name="isSundayAndNextRunIsTuesday[13]" classname="hudson.scheduler.CronTabDayOfWeekLocaleTest" time="0"/>
  <testcase name="isSundayAndNextRunIsNextSunday7[13]" classname="hudson.scheduler.CronTabDayOfWeekLocaleTest" time="0"/>
  <testcase name="isSundayAndPreviousRunIsMonday[13]" classname="hudson.scheduler.CronTabDayOfWeekLocaleTest" time="0"/>
  <testcase name="isSaturdayAndNextRunIsSundayAsterisk[13]" classname="hudson.scheduler.CronTabDayOfWeekLocaleTest" time="0"/>
  <testcase name="hudson8658[13]" classname="hudson.scheduler.CronTabDayOfWeekLocaleTest" time="0"/>
  <testcase name="isSundayAndNextRunIsNextSunday[13]" classname="hudson.scheduler.CronTabDayOfWeekLocaleTest" time="0.001"/>
  <testcase name="isSundayAndNextRunIsThursday[13]" classname="hudson.scheduler.CronTabDayOfWeekLocaleTest" time="0"/>
  <testcase name="isSundayAndPreviousRunIsPreviousSunday7[13]" classname="hudson.scheduler.CronTabDayOfWeekLocaleTest" time="0"/>
  <testcase name="isSundayAndNextRunIsWednesday[13]" classname="hudson.scheduler.CronTabDayOfWeekLocaleTest" time="0"/>
  <testcase name="isSundayAndNextRunIsSaturday[13]" classname="hudson.scheduler.CronTabDayOfWeekLocaleTest" time="0"/>
  <testcase name="isSundayAndPreviousRunIsTuesday[14]" classname="hudson.scheduler.CronTabDayOfWeekLocaleTest" time="0"/>
  <testcase name="isSundayAndPreviousRunIsThursday[14]" classname="hudson.scheduler.CronTabDayOfWeekLocaleTest" time="0"/>
  <testcase name="isSundayAndPreviousRunIsWednesday[14]" classname="hudson.scheduler.CronTabDayOfWeekLocaleTest" time="0.001"/>
  <testcase name="isSundayAndPreviousRunIsSaturday[14]" classname="hudson.scheduler.CronTabDayOfWeekLocaleTest" time="0"/>
  <testcase name="isSundayAndPreviousRunIsPreviousSunday[14]" classname="hudson.scheduler.CronTabDayOfWeekLocaleTest" time="0"/>
  <testcase name="isSundayAndNextRunIsFriday[14]" classname="hudson.scheduler.CronTabDayOfWeekLocaleTest" time="0.001"/>
  <testcase name="isSundayAndPreviousRunIsSaturdayAsterisk[14]" classname="hudson.scheduler.CronTabDayOfWeekLocaleTest" time="0"/>
  <testcase name="isSundayAndNextRunIsMonday[14]" classname="hudson.scheduler.CronTabDayOfWeekLocaleTest" time="0"/>
  <testcase name="isSundayAndPreviousRunIsFriday[14]" classname="hudson.scheduler.CronTabDayOfWeekLocaleTest" time="0"/>
  <testcase name="isSundayAndNextRunIsTuesday[14]" classname="hudson.scheduler.CronTabDayOfWeekLocaleTest" time="0"/>
  <testcase name="isSundayAndNextRunIsNextSunday7[14]" classname="hudson.scheduler.CronTabDayOfWeekLocaleTest" time="0"/>
  <testcase name="isSundayAndPreviousRunIsMonday[14]" classname="hudson.scheduler.CronTabDayOfWeekLocaleTest" time="0"/>
  <testcase name="isSaturdayAndNextRunIsSundayAsterisk[14]" classname="hudson.scheduler.CronTabDayOfWeekLocaleTest" time="0.001"/>
  <testcase name="hudson8658[14]" classname="hudson.scheduler.CronTabDayOfWeekLocaleTest" time="0"/>
  <testcase name="isSundayAndNextRunIsNextSunday[14]" classname="hudson.scheduler.CronTabDayOfWeekLocaleTest" time="0"/>
  <testcase name="isSundayAndNextRunIsThursday[14]" classname="hudson.scheduler.CronTabDayOfWeekLocaleTest" time="0"/>
  <testcase name="isSundayAndPreviousRunIsPreviousSunday7[14]" classname="hudson.scheduler.CronTabDayOfWeekLocaleTest" time="0.001"/>
  <testcase name="isSundayAndNextRunIsWednesday[14]" classname="hudson.scheduler.CronTabDayOfWeekLocaleTest" time="0"/>
  <testcase name="isSundayAndNextRunIsSaturday[14]" classname="hudson.scheduler.CronTabDayOfWeekLocaleTest" time="0"/>
  <testcase name="isSundayAndPreviousRunIsTuesday[15]" classname="hudson.scheduler.CronTabDayOfWeekLocaleTest" time="0.001"/>
  <testcase name="isSundayAndPreviousRunIsThursday[15]" classname="hudson.scheduler.CronTabDayOfWeekLocaleTest" time="0.001"/>
  <testcase name="isSundayAndPreviousRunIsWednesday[15]" classname="hudson.scheduler.CronTabDayOfWeekLocaleTest" time="0"/>
  <testcase name="isSundayAndPreviousRunIsSaturday[15]" classname="hudson.scheduler.CronTabDayOfWeekLocaleTest" time="0.001"/>
  <testcase name="isSundayAndPreviousRunIsPreviousSunday[15]" classname="hudson.scheduler.CronTabDayOfWeekLocaleTest" time="0"/>
  <testcase name="isSundayAndNextRunIsFriday[15]" classname="hudson.scheduler.CronTabDayOfWeekLocaleTest" time="0.001"/>
  <testcase name="isSundayAndPreviousRunIsSaturdayAsterisk[15]" classname="hudson.scheduler.CronTabDayOfWeekLocaleTest" time="0"/>
  <testcase name="isSundayAndNextRunIsMonday[15]" classname="hudson.scheduler.CronTabDayOfWeekLocaleTest" time="0.001"/>
  <testcase name="isSundayAndPreviousRunIsFriday[15]" classname="hudson.scheduler.CronTabDayOfWeekLocaleTest" time="0"/>
  <testcase name="isSundayAndNextRunIsTuesday[15]" classname="hudson.scheduler.CronTabDayOfWeekLocaleTest" time="0.001"/>
  <testcase name="isSundayAndNextRunIsNextSunday7[15]" classname="hudson.scheduler.CronTabDayOfWeekLocaleTest" time="0.001"/>
  <testcase name="isSundayAndPreviousRunIsMonday[15]" classname="hudson.scheduler.CronTabDayOfWeekLocaleTest" time="0"/>
  <testcase name="isSaturdayAndNextRunIsSundayAsterisk[15]" classname="hudson.scheduler.CronTabDayOfWeekLocaleTest" time="0.001"/>
  <testcase name="hudson8658[15]" classname="hudson.scheduler.CronTabDayOfWeekLocaleTest" time="0"/>
  <testcase name="isSundayAndNextRunIsNextSunday[15]" classname="hudson.scheduler.CronTabDayOfWeekLocaleTest" time="0.001"/>
  <testcase name="isSundayAndNextRunIsThursday[15]" classname="hudson.scheduler.CronTabDayOfWeekLocaleTest" time="0"/>
  <testcase name="isSundayAndPreviousRunIsPreviousSunday7[15]" classname="hudson.scheduler.CronTabDayOfWeekLocaleTest" time="0.001"/>
  <testcase name="isSundayAndNextRunIsWednesday[15]" classname="hudson.scheduler.CronTabDayOfWeekLocaleTest" time="0"/>
  <testcase name="isSundayAndNextRunIsSaturday[15]" classname="hudson.scheduler.CronTabDayOfWeekLocaleTest" time="0"/>
  <testcase name="isSundayAndPreviousRunIsTuesday[16]" classname="hudson.scheduler.CronTabDayOfWeekLocaleTest" time="0"/>
  <testcase name="isSundayAndPreviousRunIsThursday[16]" classname="hudson.scheduler.CronTabDayOfWeekLocaleTest" time="0.001"/>
  <testcase name="isSundayAndPreviousRunIsWednesday[16]" classname="hudson.scheduler.CronTabDayOfWeekLocaleTest" time="0"/>
  <testcase name="isSundayAndPreviousRunIsSaturday[16]" classname="hudson.scheduler.CronTabDayOfWeekLocaleTest" time="0"/>
  <testcase name="isSundayAndPreviousRunIsPreviousSunday[16]" classname="hudson.scheduler.CronTabDayOfWeekLocaleTest" time="0.001"/>
  <testcase name="isSundayAndNextRunIsFriday[16]" classname="hudson.scheduler.CronTabDayOfWeekLocaleTest" time="0"/>
  <testcase name="isSundayAndPreviousRunIsSaturdayAsterisk[16]" classname="hudson.scheduler.CronTabDayOfWeekLocaleTest" time="0"/>
  <testcase name="isSundayAndNextRunIsMonday[16]" classname="hudson.scheduler.CronTabDayOfWeekLocaleTest" time="0"/>
  <testcase name="isSundayAndPreviousRunIsFriday[16]" classname="hudson.scheduler.CronTabDayOfWeekLocaleTest" time="0"/>
  <testcase name="isSundayAndNextRunIsTuesday[16]" classname="hudson.scheduler.CronTabDayOfWeekLocaleTest" time="0"/>
  <testcase name="isSundayAndNextRunIsNextSunday7[16]" classname="hudson.scheduler.CronTabDayOfWeekLocaleTest" time="0"/>
  <testcase name="isSundayAndPreviousRunIsMonday[16]" classname="hudson.scheduler.CronTabDayOfWeekLocaleTest" time="0.001"/>
  <testcase name="isSaturdayAndNextRunIsSundayAsterisk[16]" classname="hudson.scheduler.CronTabDayOfWeekLocaleTest" time="0"/>
  <testcase name="hudson8658[16]" classname="hudson.scheduler.CronTabDayOfWeekLocaleTest" time="0"/>
  <testcase name="isSundayAndNextRunIsNextSunday[16]" classname="hudson.scheduler.CronTabDayOfWeekLocaleTest" time="0"/>
  <testcase name="isSundayAndNextRunIsThursday[16]" classname="hudson.scheduler.CronTabDayOfWeekLocaleTest" time="0"/>
  <testcase name="isSundayAndPreviousRunIsPreviousSunday7[16]" classname="hudson.scheduler.CronTabDayOfWeekLocaleTest" time="0"/>
  <testcase name="isSundayAndNextRunIsWednesday[16]" classname="hudson.scheduler.CronTabDayOfWeekLocaleTest" time="0"/>
  <testcase name="isSundayAndNextRunIsSaturday[16]" classname="hudson.scheduler.CronTabDayOfWeekLocaleTest" time="0.001"/>
  <testcase name="isSundayAndPreviousRunIsTuesday[17]" classname="hudson.scheduler.CronTabDayOfWeekLocaleTest" time="0"/>
  <testcase name="isSundayAndPreviousRunIsThursday[17]" classname="hudson.scheduler.CronTabDayOfWeekLocaleTest" time="0"/>
  <testcase name="isSundayAndPreviousRunIsWednesday[17]" classname="hudson.scheduler.CronTabDayOfWeekLocaleTest" time="0.005"/>
  <testcase name="isSundayAndPreviousRunIsSaturday[17]" classname="hudson.scheduler.CronTabDayOfWeekLocaleTest" time="0.002"/>
  <testcase name="isSundayAndPreviousRunIsPreviousSunday[17]" classname="hudson.scheduler.CronTabDayOfWeekLocaleTest" time="0.001"/>
  <testcase name="isSundayAndNextRunIsFriday[17]" classname="hudson.scheduler.CronTabDayOfWeekLocaleTest" time="0.001"/>
  <testcase name="isSundayAndPreviousRunIsSaturdayAsterisk[17]" classname="hudson.scheduler.CronTabDayOfWeekLocaleTest" time="0.001"/>
  <testcase name="isSundayAndNextRunIsMonday[17]" classname="hudson.scheduler.CronTabDayOfWeekLocaleTest" time="0"/>
  <testcase name="isSundayAndPreviousRunIsFriday[17]" classname="hudson.scheduler.CronTabDayOfWeekLocaleTest" time="0"/>
  <testcase name="isSundayAndNextRunIsTuesday[17]" classname="hudson.scheduler.CronTabDayOfWeekLocaleTest" time="0"/>
  <testcase name="isSundayAndNextRunIsNextSunday7[17]" classname="hudson.scheduler.CronTabDayOfWeekLocaleTest" time="0"/>
  <testcase name="isSundayAndPreviousRunIsMonday[17]" classname="hudson.scheduler.CronTabDayOfWeekLocaleTest" time="0"/>
  <testcase name="isSaturdayAndNextRunIsSundayAsterisk[17]" classname="hudson.scheduler.CronTabDayOfWeekLocaleTest" time="0"/>
  <testcase name="hudson8658[17]" classname="hudson.scheduler.CronTabDayOfWeekLocaleTest" time="0"/>
  <testcase name="isSundayAndNextRunIsNextSunday[17]" classname="hudson.scheduler.CronTabDayOfWeekLocaleTest" time="0"/>
  <testcase name="isSundayAndNextRunIsThursday[17]" classname="hudson.scheduler.CronTabDayOfWeekLocaleTest" time="0"/>
  <testcase name="isSundayAndPreviousRunIsPreviousSunday7[17]" classname="hudson.scheduler.CronTabDayOfWeekLocaleTest" time="0"/>
  <testcase name="isSundayAndNextRunIsWednesday[17]" classname="hudson.scheduler.CronTabDayOfWeekLocaleTest" time="0.001"/>
  <testcase name="isSundayAndNextRunIsSaturday[17]" classname="hudson.scheduler.CronTabDayOfWeekLocaleTest" time="0"/>
  <testcase name="isSundayAndPreviousRunIsTuesday[18]" classname="hudson.scheduler.CronTabDayOfWeekLocaleTest" time="0"/>
  <testcase name="isSundayAndPreviousRunIsThursday[18]" classname="hudson.scheduler.CronTabDayOfWeekLocaleTest" time="0"/>
  <testcase name="isSundayAndPreviousRunIsWednesday[18]" classname="hudson.scheduler.CronTabDayOfWeekLocaleTest" time="0"/>
  <testcase name="isSundayAndPreviousRunIsSaturday[18]" classname="hudson.scheduler.CronTabDayOfWeekLocaleTest" time="0"/>
  <testcase name="isSundayAndPreviousRunIsPreviousSunday[18]" classname="hudson.scheduler.CronTabDayOfWeekLocaleTest" time="0.001"/>
  <testcase name="isSundayAndNextRunIsFriday[18]" classname="hudson.scheduler.CronTabDayOfWeekLocaleTest" time="0"/>
  <testcase name="isSundayAndPreviousRunIsSaturdayAsterisk[18]" classname="hudson.scheduler.CronTabDayOfWeekLocaleTest" time="0"/>
  <testcase name="isSundayAndNextRunIsMonday[18]" classname="hudson.scheduler.CronTabDayOfWeekLocaleTest" time="0"/>
  <testcase name="isSundayAndPreviousRunIsFriday[18]" classname="hudson.scheduler.CronTabDayOfWeekLocaleTest" time="0"/>
  <testcase name="isSundayAndNextRunIsTuesday[18]" classname="hudson.scheduler.CronTabDayOfWeekLocaleTest" time="0"/>
  <testcase name="isSundayAndNextRunIsNextSunday7[18]" classname="hudson.scheduler.CronTabDayOfWeekLocaleTest" time="0"/>
  <testcase name="isSundayAndPreviousRunIsMonday[18]" classname="hudson.scheduler.CronTabDayOfWeekLocaleTest" time="0"/>
  <testcase name="isSaturdayAndNextRunIsSundayAsterisk[18]" classname="hudson.scheduler.CronTabDayOfWeekLocaleTest" time="0"/>
  <testcase name="hudson8658[18]" classname="hudson.scheduler.CronTabDayOfWeekLocaleTest" time="0"/>
  <testcase name="isSundayAndNextRunIsNextSunday[18]" classname="hudson.scheduler.CronTabDayOfWeekLocaleTest" time="0"/>
  <testcase name="isSundayAndNextRunIsThursday[18]" classname="hudson.scheduler.CronTabDayOfWeekLocaleTest" time="0"/>
  <testcase name="isSundayAndPreviousRunIsPreviousSunday7[18]" classname="hudson.scheduler.CronTabDayOfWeekLocaleTest" time="0"/>
  <testcase name="isSundayAndNextRunIsWednesday[18]" classname="hudson.scheduler.CronTabDayOfWeekLocaleTest" time="0"/>
  <testcase name="isSundayAndNextRunIsSaturday[18]" classname="hudson.scheduler.CronTabDayOfWeekLocaleTest" time="0"/>
  <testcase name="isSundayAndPreviousRunIsTuesday[19]" classname="hudson.scheduler.CronTabDayOfWeekLocaleTest" time="0"/>
  <testcase name="isSundayAndPreviousRunIsThursday[19]" classname="hudson.scheduler.CronTabDayOfWeekLocaleTest" time="0"/>
  <testcase name="isSundayAndPreviousRunIsWednesday[19]" classname="hudson.scheduler.CronTabDayOfWeekLocaleTest" time="0"/>
  <testcase name="isSundayAndPreviousRunIsSaturday[19]" classname="hudson.scheduler.CronTabDayOfWeekLocaleTest" time="0"/>
  <testcase name="isSundayAndPreviousRunIsPreviousSunday[19]" classname="hudson.scheduler.CronTabDayOfWeekLocaleTest" time="0"/>
  <testcase name="isSundayAndNextRunIsFriday[19]" classname="hudson.scheduler.CronTabDayOfWeekLocaleTest" time="0"/>
  <testcase name="isSundayAndPreviousRunIsSaturdayAsterisk[19]" classname="hudson.scheduler.CronTabDayOfWeekLocaleTest" time="0"/>
  <testcase name="isSundayAndNextRunIsMonday[19]" classname="hudson.scheduler.CronTabDayOfWeekLocaleTest" time="0.001"/>
  <testcase name="isSundayAndPreviousRunIsFriday[19]" classname="hudson.scheduler.CronTabDayOfWeekLocaleTest" time="0"/>
  <testcase name="isSundayAndNextRunIsTuesday[19]" classname="hudson.scheduler.CronTabDayOfWeekLocaleTest" time="0"/>
  <testcase name="isSundayAndNextRunIsNextSunday7[19]" classname="hudson.scheduler.CronTabDayOfWeekLocaleTest" time="0"/>
  <testcase name="isSundayAndPreviousRunIsMonday[19]" classname="hudson.scheduler.CronTabDayOfWeekLocaleTest" time="0"/>
  <testcase name="isSaturdayAndNextRunIsSundayAsterisk[19]" classname="hudson.scheduler.CronTabDayOfWeekLocaleTest" time="0"/>
  <testcase name="hudson8658[19]" classname="hudson.scheduler.CronTabDayOfWeekLocaleTest" time="0"/>
  <testcase name="isSundayAndNextRunIsNextSunday[19]" classname="hudson.scheduler.CronTabDayOfWeekLocaleTest" time="0"/>
  <testcase name="isSundayAndNextRunIsThursday[19]" classname="hudson.scheduler.CronTabDayOfWeekLocaleTest" time="0"/>
  <testcase name="isSundayAndPreviousRunIsPreviousSunday7[19]" classname="hudson.scheduler.CronTabDayOfWeekLocaleTest" time="0.001"/>
  <testcase name="isSundayAndNextRunIsWednesday[19]" classname="hudson.scheduler.CronTabDayOfWeekLocaleTest" time="0"/>
  <testcase name="isSundayAndNextRunIsSaturday[19]" classname="hudson.scheduler.CronTabDayOfWeekLocaleTest" time="0"/>
  <testcase name="isSundayAndPreviousRunIsTuesday[20]" classname="hudson.scheduler.CronTabDayOfWeekLocaleTest" time="0"/>
  <testcase name="isSundayAndPreviousRunIsThursday[20]" classname="hudson.scheduler.CronTabDayOfWeekLocaleTest" time="0"/>
  <testcase name="isSundayAndPreviousRunIsWednesday[20]" classname="hudson.scheduler.CronTabDayOfWeekLocaleTest" time="0.001"/>
  <testcase name="isSundayAndPreviousRunIsSaturday[20]" classname="hudson.scheduler.CronTabDayOfWeekLocaleTest" time="0.002"/>
  <testcase name="isSundayAndPreviousRunIsPreviousSunday[20]" classname="hudson.scheduler.CronTabDayOfWeekLocaleTest" time="0"/>
  <testcase name="isSundayAndNextRunIsFriday[20]" classname="hudson.scheduler.CronTabDayOfWeekLocaleTest" time="0"/>
  <testcase name="isSundayAndPreviousRunIsSaturdayAsterisk[20]" classname="hudson.scheduler.CronTabDayOfWeekLocaleTest" time="0"/>
  <testcase name="isSundayAndNextRunIsMonday[20]" classname="hudson.scheduler.CronTabDayOfWeekLocaleTest" time="0.001"/>
  <testcase name="isSundayAndPreviousRunIsFriday[20]" classname="hudson.scheduler.CronTabDayOfWeekLocaleTest" time="0"/>
  <testcase name="isSundayAndNextRunIsTuesday[20]" classname="hudson.scheduler.CronTabDayOfWeekLocaleTest" time="0"/>
  <testcase name="isSundayAndNextRunIsNextSunday7[20]" classname="hudson.scheduler.CronTabDayOfWeekLocaleTest" time="0"/>
  <testcase name="isSundayAndPreviousRunIsMonday[20]" classname="hudson.scheduler.CronTabDayOfWeekLocaleTest" time="0"/>
  <testcase name="isSaturdayAndNextRunIsSundayAsterisk[20]" classname="hudson.scheduler.CronTabDayOfWeekLocaleTest" time="0"/>
  <testcase name="hudson8658[20]" classname="hudson.scheduler.CronTabDayOfWeekLocaleTest" time="0"/>
  <testcase name="isSundayAndNextRunIsNextSunday[20]" classname="hudson.scheduler.CronTabDayOfWeekLocaleTest" time="0.001"/>
  <testcase name="isSundayAndNextRunIsThursday[20]" classname="hudson.scheduler.CronTabDayOfWeekLocaleTest" time="0"/>
  <testcase name="isSundayAndPreviousRunIsPreviousSunday7[20]" classname="hudson.scheduler.CronTabDayOfWeekLocaleTest" time="0.002"/>
  <testcase name="isSundayAndNextRunIsWednesday[20]" classname="hudson.scheduler.CronTabDayOfWeekLocaleTest" time="0"/>
  <testcase name="isSundayAndNextRunIsSaturday[20]" classname="hudson.scheduler.CronTabDayOfWeekLocaleTest" time="0.001"/>
  <testcase name="isSundayAndPreviousRunIsTuesday[21]" classname="hudson.scheduler.CronTabDayOfWeekLocaleTest" time="0"/>
  <testcase name="isSundayAndPreviousRunIsThursday[21]" classname="hudson.scheduler.CronTabDayOfWeekLocaleTest" time="0"/>
  <testcase name="isSundayAndPreviousRunIsWednesday[21]" classname="hudson.scheduler.CronTabDayOfWeekLocaleTest" time="0"/>
  <testcase name="isSundayAndPreviousRunIsSaturday[21]" classname="hudson.scheduler.CronTabDayOfWeekLocaleTest" time="0"/>
  <testcase name="isSundayAndPreviousRunIsPreviousSunday[21]" classname="hudson.scheduler.CronTabDayOfWeekLocaleTest" time="0"/>
  <testcase name="isSundayAndNextRunIsFriday[21]" classname="hudson.scheduler.CronTabDayOfWeekLocaleTest" time="0.002"/>
  <testcase name="isSundayAndPreviousRunIsSaturdayAsterisk[21]" classname="hudson.scheduler.CronTabDayOfWeekLocaleTest" time="0"/>
  <testcase name="isSundayAndNextRunIsMonday[21]" classname="hudson.scheduler.CronTabDayOfWeekLocaleTest" time="0.002"/>
  <testcase name="isSundayAndPreviousRunIsFriday[21]" classname="hudson.scheduler.CronTabDayOfWeekLocaleTest" time="0.001"/>
  <testcase name="isSundayAndNextRunIsTuesday[21]" classname="hudson.scheduler.CronTabDayOfWeekLocaleTest" time="0"/>
  <testcase name="isSundayAndNextRunIsNextSunday7[21]" classname="hudson.scheduler.CronTabDayOfWeekLocaleTest" time="0"/>
  <testcase name="isSundayAndPreviousRunIsMonday[21]" classname="hudson.scheduler.CronTabDayOfWeekLocaleTest" time="0"/>
  <testcase name="isSaturdayAndNextRunIsSundayAsterisk[21]" classname="hudson.scheduler.CronTabDayOfWeekLocaleTest" time="0"/>
  <testcase name="hudson8658[21]" classname="hudson.scheduler.CronTabDayOfWeekLocaleTest" time="0"/>
  <testcase name="isSundayAndNextRunIsNextSunday[21]" classname="hudson.scheduler.CronTabDayOfWeekLocaleTest" time="0.001"/>
  <testcase name="isSundayAndNextRunIsThursday[21]" classname="hudson.scheduler.CronTabDayOfWeekLocaleTest" time="0"/>
  <testcase name="isSundayAndPreviousRunIsPreviousSunday7[21]" classname="hudson.scheduler.CronTabDayOfWeekLocaleTest" time="0"/>
  <testcase name="isSundayAndNextRunIsWednesday[21]" classname="hudson.scheduler.CronTabDayOfWeekLocaleTest" time="0"/>
  <testcase name="isSundayAndNextRunIsSaturday[21]" classname="hudson.scheduler.CronTabDayOfWeekLocaleTest" time="0"/>
  <testcase name="isSundayAndPreviousRunIsTuesday[22]" classname="hudson.scheduler.CronTabDayOfWeekLocaleTest" time="0"/>
  <testcase name="isSundayAndPreviousRunIsThursday[22]" classname="hudson.scheduler.CronTabDayOfWeekLocaleTest" time="0"/>
  <testcase name="isSundayAndPreviousRunIsWednesday[22]" classname="hudson.scheduler.CronTabDayOfWeekLocaleTest" time="0.001"/>
  <testcase name="isSundayAndPreviousRunIsSaturday[22]" classname="hudson.scheduler.CronTabDayOfWeekLocaleTest" time="0"/>
  <testcase name="isSundayAndPreviousRunIsPreviousSunday[22]" classname="hudson.scheduler.CronTabDayOfWeekLocaleTest" time="0"/>
  <testcase name="isSundayAndNextRunIsFriday[22]" classname="hudson.scheduler.CronTabDayOfWeekLocaleTest" time="0"/>
  <testcase name="isSundayAndPreviousRunIsSaturdayAsterisk[22]" classname="hudson.scheduler.CronTabDayOfWeekLocaleTest" time="0"/>
  <testcase name="isSundayAndNextRunIsMonday[22]" classname="hudson.scheduler.CronTabDayOfWeekLocaleTest" time="0"/>
  <testcase name="isSundayAndPreviousRunIsFriday[22]" classname="hudson.scheduler.CronTabDayOfWeekLocaleTest" time="0"/>
  <testcase name="isSundayAndNextRunIsTuesday[22]" classname="hudson.scheduler.CronTabDayOfWeekLocaleTest" time="0"/>
  <testcase name="isSundayAndNextRunIsNextSunday7[22]" classname="hudson.scheduler.CronTabDayOfWeekLocaleTest" time="0.001"/>
  <testcase name="isSundayAndPreviousRunIsMonday[22]" classname="hudson.scheduler.CronTabDayOfWeekLocaleTest" time="0"/>
  <testcase name="isSaturdayAndNextRunIsSundayAsterisk[22]" classname="hudson.scheduler.CronTabDayOfWeekLocaleTest" time="0"/>
  <testcase name="hudson8658[22]" classname="hudson.scheduler.CronTabDayOfWeekLocaleTest" time="0"/>
  <testcase name="isSundayAndNextRunIsNextSunday[22]" classname="hudson.scheduler.CronTabDayOfWeekLocaleTest" time="0"/>
  <testcase name="isSundayAndNextRunIsThursday[22]" classname="hudson.scheduler.CronTabDayOfWeekLocaleTest" time="0"/>
  <testcase name="isSundayAndPreviousRunIsPreviousSunday7[22]" classname="hudson.scheduler.CronTabDayOfWeekLocaleTest" time="0"/>
  <testcase name="isSundayAndNextRunIsWednesday[22]" classname="hudson.scheduler.CronTabDayOfWeekLocaleTest" time="0"/>
  <testcase name="isSundayAndNextRunIsSaturday[22]" classname="hudson.scheduler.CronTabDayOfWeekLocaleTest" time="0.001"/>
  <testcase name="isSundayAndPreviousRunIsTuesday[23]" classname="hudson.scheduler.CronTabDayOfWeekLocaleTest" time="0"/>
  <testcase name="isSundayAndPreviousRunIsThursday[23]" classname="hudson.scheduler.CronTabDayOfWeekLocaleTest" time="0"/>
  <testcase name="isSundayAndPreviousRunIsWednesday[23]" classname="hudson.scheduler.CronTabDayOfWeekLocaleTest" time="0"/>
  <testcase name="isSundayAndPreviousRunIsSaturday[23]" classname="hudson.scheduler.CronTabDayOfWeekLocaleTest" time="0"/>
  <testcase name="isSundayAndPreviousRunIsPreviousSunday[23]" classname="hudson.scheduler.CronTabDayOfWeekLocaleTest" time="0"/>
  <testcase name="isSundayAndNextRunIsFriday[23]" classname="hudson.scheduler.CronTabDayOfWeekLocaleTest" time="0"/>
  <testcase name="isSundayAndPreviousRunIsSaturdayAsterisk[23]" classname="hudson.scheduler.CronTabDayOfWeekLocaleTest" time="0"/>
  <testcase name="isSundayAndNextRunIsMonday[23]" classname="hudson.scheduler.CronTabDayOfWeekLocaleTest" time="0"/>
  <testcase name="isSundayAndPreviousRunIsFriday[23]" classname="hudson.scheduler.CronTabDayOfWeekLocaleTest" time="0"/>
  <testcase name="isSundayAndNextRunIsTuesday[23]" classname="hudson.scheduler.CronTabDayOfWeekLocaleTest" time="0"/>
  <testcase name="isSundayAndNextRunIsNextSunday7[23]" classname="hudson.scheduler.CronTabDayOfWeekLocaleTest" time="0"/>
  <testcase name="isSundayAndPreviousRunIsMonday[23]" classname="hudson.scheduler.CronTabDayOfWeekLocaleTest" time="0"/>
  <testcase name="isSaturdayAndNextRunIsSundayAsterisk[23]" classname="hudson.scheduler.CronTabDayOfWeekLocaleTest" time="0"/>
  <testcase name="hudson8658[23]" classname="hudson.scheduler.CronTabDayOfWeekLocaleTest" time="0"/>
  <testcase name="isSundayAndNextRunIsNextSunday[23]" classname="hudson.scheduler.CronTabDayOfWeekLocaleTest" time="0"/>
  <testcase name="isSundayAndNextRunIsThursday[23]" classname="hudson.scheduler.CronTabDayOfWeekLocaleTest" time="0"/>
  <testcase name="isSundayAndPreviousRunIsPreviousSunday7[23]" classname="hudson.scheduler.CronTabDayOfWeekLocaleTest" time="0"/>
  <testcase name="isSundayAndNextRunIsWednesday[23]" classname="hudson.scheduler.CronTabDayOfWeekLocaleTest" time="0"/>
  <testcase name="isSundayAndNextRunIsSaturday[23]" classname="hudson.scheduler.CronTabDayOfWeekLocaleTest" time="0"/>
  <testcase name="isSundayAndPreviousRunIsTuesday[24]" classname="hudson.scheduler.CronTabDayOfWeekLocaleTest" time="0"/>
  <testcase name="isSundayAndPreviousRunIsThursday[24]" classname="hudson.scheduler.CronTabDayOfWeekLocaleTest" time="0"/>
  <testcase name="isSundayAndPreviousRunIsWednesday[24]" classname="hudson.scheduler.CronTabDayOfWeekLocaleTest" time="0"/>
  <testcase name="isSundayAndPreviousRunIsSaturday[24]" classname="hudson.scheduler.CronTabDayOfWeekLocaleTest" time="0"/>
  <testcase name="isSundayAndPreviousRunIsPreviousSunday[24]" classname="hudson.scheduler.CronTabDayOfWeekLocaleTest" time="0"/>
  <testcase name="isSundayAndNextRunIsFriday[24]" classname="hudson.scheduler.CronTabDayOfWeekLocaleTest" time="0"/>
  <testcase name="isSundayAndPreviousRunIsSaturdayAsterisk[24]" classname="hudson.scheduler.CronTabDayOfWeekLocaleTest" time="0"/>
  <testcase name="isSundayAndNextRunIsMonday[24]" classname="hudson.scheduler.CronTabDayOfWeekLocaleTest" time="0"/>
  <testcase name="isSundayAndPreviousRunIsFriday[24]" classname="hudson.scheduler.CronTabDayOfWeekLocaleTest" time="0"/>
  <testcase name="isSundayAndNextRunIsTuesday[24]" classname="hudson.scheduler.CronTabDayOfWeekLocaleTest" time="0"/>
  <testcase name="isSundayAndNextRunIsNextSunday7[24]" classname="hudson.scheduler.CronTabDayOfWeekLocaleTest" time="0.004"/>
  <testcase name="isSundayAndPreviousRunIsMonday[24]" classname="hudson.scheduler.CronTabDayOfWeekLocaleTest" time="0"/>
  <testcase name="isSaturdayAndNextRunIsSundayAsterisk[24]" classname="hudson.scheduler.CronTabDayOfWeekLocaleTest" time="0"/>
  <testcase name="hudson8658[24]" classname="hudson.scheduler.CronTabDayOfWeekLocaleTest" time="0.001"/>
  <testcase name="isSundayAndNextRunIsNextSunday[24]" classname="hudson.scheduler.CronTabDayOfWeekLocaleTest" time="0"/>
  <testcase name="isSundayAndNextRunIsThursday[24]" classname="hudson.scheduler.CronTabDayOfWeekLocaleTest" time="0"/>
  <testcase name="isSundayAndPreviousRunIsPreviousSunday7[24]" classname="hudson.scheduler.CronTabDayOfWeekLocaleTest" time="0"/>
  <testcase name="isSundayAndNextRunIsWednesday[24]" classname="hudson.scheduler.CronTabDayOfWeekLocaleTest" time="0"/>
  <testcase name="isSundayAndNextRunIsSaturday[24]" classname="hudson.scheduler.CronTabDayOfWeekLocaleTest" time="0"/>
  <testcase name="isSundayAndPreviousRunIsTuesday[25]" classname="hudson.scheduler.CronTabDayOfWeekLocaleTest" time="0"/>
  <testcase name="isSundayAndPreviousRunIsThursday[25]" classname="hudson.scheduler.CronTabDayOfWeekLocaleTest" time="0.001"/>
  <testcase name="isSundayAndPreviousRunIsWednesday[25]" classname="hudson.scheduler.CronTabDayOfWeekLocaleTest" time="0"/>
  <testcase name="isSundayAndPreviousRunIsSaturday[25]" classname="hudson.scheduler.CronTabDayOfWeekLocaleTest" time="0"/>
  <testcase name="isSundayAndPreviousRunIsPreviousSunday[25]" classname="hudson.scheduler.CronTabDayOfWeekLocaleTest" time="0"/>
  <testcase name="isSundayAndNextRunIsFriday[25]" classname="hudson.scheduler.CronTabDayOfWeekLocaleTest" time="0"/>
  <testcase name="isSundayAndPreviousRunIsSaturdayAsterisk[25]" classname="hudson.scheduler.CronTabDayOfWeekLocaleTest" time="0.001"/>
  <testcase name="isSundayAndNextRunIsMonday[25]" classname="hudson.scheduler.CronTabDayOfWeekLocaleTest" time="0"/>
  <testcase name="isSundayAndPreviousRunIsFriday[25]" classname="hudson.scheduler.CronTabDayOfWeekLocaleTest" time="0"/>
  <testcase name="isSundayAndNextRunIsTuesday[25]" classname="hudson.scheduler.CronTabDayOfWeekLocaleTest" time="0"/>
  <testcase name="isSundayAndNextRunIsNextSunday7[25]" classname="hudson.scheduler.CronTabDayOfWeekLocaleTest" time="0"/>
  <testcase name="isSundayAndPreviousRunIsMonday[25]" classname="hudson.scheduler.CronTabDayOfWeekLocaleTest" time="0"/>
  <testcase name="isSaturdayAndNextRunIsSundayAsterisk[25]" classname="hudson.scheduler.CronTabDayOfWeekLocaleTest" time="0.001"/>
  <testcase name="hudson8658[25]" classname="hudson.scheduler.CronTabDayOfWeekLocaleTest" time="0"/>
  <testcase name="isSundayAndNextRunIsNextSunday[25]" classname="hudson.scheduler.CronTabDayOfWeekLocaleTest" time="0.001"/>
  <testcase name="isSundayAndNextRunIsThursday[25]" classname="hudson.scheduler.CronTabDayOfWeekLocaleTest" time="0"/>
  <testcase name="isSundayAndPreviousRunIsPreviousSunday7[25]" classname="hudson.scheduler.CronTabDayOfWeekLocaleTest" time="0.001"/>
  <testcase name="isSundayAndNextRunIsWednesday[25]" classname="hudson.scheduler.CronTabDayOfWeekLocaleTest" time="0"/>
  <testcase name="isSundayAndNextRunIsSaturday[25]" classname="hudson.scheduler.CronTabDayOfWeekLocaleTest" time="0"/>
  <testcase name="isSundayAndPreviousRunIsTuesday[26]" classname="hudson.scheduler.CronTabDayOfWeekLocaleTest" time="0"/>
  <testcase name="isSundayAndPreviousRunIsThursday[26]" classname="hudson.scheduler.CronTabDayOfWeekLocaleTest" time="0"/>
  <testcase name="isSundayAndPreviousRunIsWednesday[26]" classname="hudson.scheduler.CronTabDayOfWeekLocaleTest" time="0"/>
  <testcase name="isSundayAndPreviousRunIsSaturday[26]" classname="hudson.scheduler.CronTabDayOfWeekLocaleTest" time="0.001"/>
  <testcase name="isSundayAndPreviousRunIsPreviousSunday[26]" classname="hudson.scheduler.CronTabDayOfWeekLocaleTest" time="0"/>
  <testcase name="isSundayAndNextRunIsFriday[26]" classname="hudson.scheduler.CronTabDayOfWeekLocaleTest" time="0"/>
  <testcase name="isSundayAndPreviousRunIsSaturdayAsterisk[26]" classname="hudson.scheduler.CronTabDayOfWeekLocaleTest" time="0"/>
  <testcase name="isSundayAndNextRunIsMonday[26]" classname="hudson.scheduler.CronTabDayOfWeekLocaleTest" time="0.001"/>
  <testcase name="isSundayAndPreviousRunIsFriday[26]" classname="hudson.scheduler.CronTabDayOfWeekLocaleTest" time="0"/>
  <testcase name="isSundayAndNextRunIsTuesday[26]" classname="hudson.scheduler.CronTabDayOfWeekLocaleTest" time="0"/>
  <testcase name="isSundayAndNextRunIsNextSunday7[26]" classname="hudson.scheduler.CronTabDayOfWeekLocaleTest" time="0"/>
  <testcase name="isSundayAndPreviousRunIsMonday[26]" classname="hudson.scheduler.CronTabDayOfWeekLocaleTest" time="0"/>
  <testcase name="isSaturdayAndNextRunIsSundayAsterisk[26]" classname="hudson.scheduler.CronTabDayOfWeekLocaleTest" time="0"/>
  <testcase name="hudson8658[26]" classname="hudson.scheduler.CronTabDayOfWeekLocaleTest" time="0.001"/>
  <testcase name="isSundayAndNextRunIsNextSunday[26]" classname="hudson.scheduler.CronTabDayOfWeekLocaleTest" time="0"/>
  <testcase name="isSundayAndNextRunIsThursday[26]" classname="hudson.scheduler.CronTabDayOfWeekLocaleTest" time="0"/>
  <testcase name="isSundayAndPreviousRunIsPreviousSunday7[26]" classname="hudson.scheduler.CronTabDayOfWeekLocaleTest" time="0.001"/>
  <testcase name="isSundayAndNextRunIsWednesday[26]" classname="hudson.scheduler.CronTabDayOfWeekLocaleTest" time="0"/>
  <testcase name="isSundayAndNextRunIsSaturday[26]" classname="hudson.scheduler.CronTabDayOfWeekLocaleTest" time="0"/>
  <testcase name="isSundayAndPreviousRunIsTuesday[27]" classname="hudson.scheduler.CronTabDayOfWeekLocaleTest" time="0"/>
  <testcase name="isSundayAndPreviousRunIsThursday[27]" classname="hudson.scheduler.CronTabDayOfWeekLocaleTest" time="0"/>
  <testcase name="isSundayAndPreviousRunIsWednesday[27]" classname="hudson.scheduler.CronTabDayOfWeekLocaleTest" time="0.002"/>
  <testcase name="isSundayAndPreviousRunIsSaturday[27]" classname="hudson.scheduler.CronTabDayOfWeekLocaleTest" time="0"/>
  <testcase name="isSundayAndPreviousRunIsPreviousSunday[27]" classname="hudson.scheduler.CronTabDayOfWeekLocaleTest" time="0"/>
  <testcase name="isSundayAndNextRunIsFriday[27]" classname="hudson.scheduler.CronTabDayOfWeekLocaleTest" time="0"/>
  <testcase name="isSundayAndPreviousRunIsSaturdayAsterisk[27]" classname="hudson.scheduler.CronTabDayOfWeekLocaleTest" time="0"/>
  <testcase name="isSundayAndNextRunIsMonday[27]" classname="hudson.scheduler.CronTabDayOfWeekLocaleTest" time="0"/>
  <testcase name="isSundayAndPreviousRunIsFriday[27]" classname="hudson.scheduler.CronTabDayOfWeekLocaleTest" time="0"/>
  <testcase name="isSundayAndNextRunIsTuesday[27]" classname="hudson.scheduler.CronTabDayOfWeekLocaleTest" time="0.001"/>
  <testcase name="isSundayAndNextRunIsNextSunday7[27]" classname="hudson.scheduler.CronTabDayOfWeekLocaleTest" time="0"/>
  <testcase name="isSundayAndPreviousRunIsMonday[27]" classname="hudson.scheduler.CronTabDayOfWeekLocaleTest" time="0"/>
  <testcase name="isSaturdayAndNextRunIsSundayAsterisk[27]" classname="hudson.scheduler.CronTabDayOfWeekLocaleTest" time="0"/>
  <testcase name="hudson8658[27]" classname="hudson.scheduler.CronTabDayOfWeekLocaleTest" time="0"/>
  <testcase name="isSundayAndNextRunIsNextSunday[27]" classname="hudson.scheduler.CronTabDayOfWeekLocaleTest" time="0"/>
  <testcase name="isSundayAndNextRunIsThursday[27]" classname="hudson.scheduler.CronTabDayOfWeekLocaleTest" time="0"/>
  <testcase name="isSundayAndPreviousRunIsPreviousSunday7[27]" classname="hudson.scheduler.CronTabDayOfWeekLocaleTest" time="0"/>
  <testcase name="isSundayAndNextRunIsWednesday[27]" classname="hudson.scheduler.CronTabDayOfWeekLocaleTest" time="0"/>
  <testcase name="isSundayAndNextRunIsSaturday[27]" classname="hudson.scheduler.CronTabDayOfWeekLocaleTest" time="0"/>
  <testcase name="isSundayAndPreviousRunIsTuesday[28]" classname="hudson.scheduler.CronTabDayOfWeekLocaleTest" time="0"/>
  <testcase name="isSundayAndPreviousRunIsThursday[28]" classname="hudson.scheduler.CronTabDayOfWeekLocaleTest" time="0"/>
  <testcase name="isSundayAndPreviousRunIsWednesday[28]" classname="hudson.scheduler.CronTabDayOfWeekLocaleTest" time="0"/>
  <testcase name="isSundayAndPreviousRunIsSaturday[28]" classname="hudson.scheduler.CronTabDayOfWeekLocaleTest" time="0"/>
  <testcase name="isSundayAndPreviousRunIsPreviousSunday[28]" classname="hudson.scheduler.CronTabDayOfWeekLocaleTest" time="0"/>
  <testcase name="isSundayAndNextRunIsFriday[28]" classname="hudson.scheduler.CronTabDayOfWeekLocaleTest" time="0"/>
  <testcase name="isSundayAndPreviousRunIsSaturdayAsterisk[28]" classname="hudson.scheduler.CronTabDayOfWeekLocaleTest" time="0"/>
  <testcase name="isSundayAndNextRunIsMonday[28]" classname="hudson.scheduler.CronTabDayOfWeekLocaleTest" time="0"/>
  <testcase name="isSundayAndPreviousRunIsFriday[28]" classname="hudson.scheduler.CronTabDayOfWeekLocaleTest" time="0"/>
  <testcase name="isSundayAndNextRunIsTuesday[28]" classname="hudson.scheduler.CronTabDayOfWeekLocaleTest" time="0"/>
  <testcase name="isSundayAndNextRunIsNextSunday7[28]" classname="hudson.scheduler.CronTabDayOfWeekLocaleTest" time="0"/>
  <testcase name="isSundayAndPreviousRunIsMonday[28]" classname="hudson.scheduler.CronTabDayOfWeekLocaleTest" time="0.001"/>
  <testcase name="isSaturdayAndNextRunIsSundayAsterisk[28]" classname="hudson.scheduler.CronTabDayOfWeekLocaleTest" time="0"/>
  <testcase name="hudson8658[28]" classname="hudson.scheduler.CronTabDayOfWeekLocaleTest" time="0"/>
  <testcase name="isSundayAndNextRunIsNextSunday[28]" classname="hudson.scheduler.CronTabDayOfWeekLocaleTest" time="0"/>
  <testcase name="isSundayAndNextRunIsThursday[28]" classname="hudson.scheduler.CronTabDayOfWeekLocaleTest" time="0"/>
  <testcase name="isSundayAndPreviousRunIsPreviousSunday7[28]" classname="hudson.scheduler.CronTabDayOfWeekLocaleTest" time="0"/>
  <testcase name="isSundayAndNextRunIsWednesday[28]" classname="hudson.scheduler.CronTabDayOfWeekLocaleTest" time="0"/>
  <testcase name="isSundayAndNextRunIsSaturday[28]" classname="hudson.scheduler.CronTabDayOfWeekLocaleTest" time="0"/>
  <testcase name="isSundayAndPreviousRunIsTuesday[29]" classname="hudson.scheduler.CronTabDayOfWeekLocaleTest" time="0.001"/>
  <testcase name="isSundayAndPreviousRunIsThursday[29]" classname="hudson.scheduler.CronTabDayOfWeekLocaleTest" time="0"/>
  <testcase name="isSundayAndPreviousRunIsWednesday[29]" classname="hudson.scheduler.CronTabDayOfWeekLocaleTest" time="0"/>
  <testcase name="isSundayAndPreviousRunIsSaturday[29]" classname="hudson.scheduler.CronTabDayOfWeekLocaleTest" time="0"/>
  <testcase name="isSundayAndPreviousRunIsPreviousSunday[29]" classname="hudson.scheduler.CronTabDayOfWeekLocaleTest" time="0"/>
  <testcase name="isSundayAndNextRunIsFriday[29]" classname="hudson.scheduler.CronTabDayOfWeekLocaleTest" time="0"/>
  <testcase name="isSundayAndPreviousRunIsSaturdayAsterisk[29]" classname="hudson.scheduler.CronTabDayOfWeekLocaleTest" time="0"/>
  <testcase name="isSundayAndNextRunIsMonday[29]" classname="hudson.scheduler.CronTabDayOfWeekLocaleTest" time="0"/>
  <testcase name="isSundayAndPreviousRunIsFriday[29]" classname="hudson.scheduler.CronTabDayOfWeekLocaleTest" time="0"/>
  <testcase name="isSundayAndNextRunIsTuesday[29]" classname="hudson.scheduler.CronTabDayOfWeekLocaleTest" time="0"/>
  <testcase name="isSundayAndNextRunIsNextSunday7[29]" classname="hudson.scheduler.CronTabDayOfWeekLocaleTest" time="0.001"/>
  <testcase name="isSundayAndPreviousRunIsMonday[29]" classname="hudson.scheduler.CronTabDayOfWeekLocaleTest" time="0"/>
  <testcase name="isSaturdayAndNextRunIsSundayAsterisk[29]" classname="hudson.scheduler.CronTabDayOfWeekLocaleTest" time="0"/>
  <testcase name="hudson8658[29]" classname="hudson.scheduler.CronTabDayOfWeekLocaleTest" time="0"/>
  <testcase name="isSundayAndNextRunIsNextSunday[29]" classname="hudson.scheduler.CronTabDayOfWeekLocaleTest" time="0"/>
  <testcase name="isSundayAndNextRunIsThursday[29]" classname="hudson.scheduler.CronTabDayOfWeekLocaleTest" time="0"/>
  <testcase name="isSundayAndPreviousRunIsPreviousSunday7[29]" classname="hudson.scheduler.CronTabDayOfWeekLocaleTest" time="0"/>
  <testcase name="isSundayAndNextRunIsWednesday[29]" classname="hudson.scheduler.CronTabDayOfWeekLocaleTest" time="0"/>
  <testcase name="isSundayAndNextRunIsSaturday[29]" classname="hudson.scheduler.CronTabDayOfWeekLocaleTest" time="0"/>
  <testcase name="isSundayAndPreviousRunIsTuesday[30]" classname="hudson.scheduler.CronTabDayOfWeekLocaleTest" time="0"/>
  <testcase name="isSundayAndPreviousRunIsThursday[30]" classname="hudson.scheduler.CronTabDayOfWeekLocaleTest" time="0"/>
  <testcase name="isSundayAndPreviousRunIsWednesday[30]" classname="hudson.scheduler.CronTabDayOfWeekLocaleTest" time="0"/>
  <testcase name="isSundayAndPreviousRunIsSaturday[30]" classname="hudson.scheduler.CronTabDayOfWeekLocaleTest" time="0"/>
  <testcase name="isSundayAndPreviousRunIsPreviousSunday[30]" classname="hudson.scheduler.CronTabDayOfWeekLocaleTest" time="0.001"/>
  <testcase name="isSundayAndNextRunIsFriday[30]" classname="hudson.scheduler.CronTabDayOfWeekLocaleTest" time="0"/>
  <testcase name="isSundayAndPreviousRunIsSaturdayAsterisk[30]" classname="hudson.scheduler.CronTabDayOfWeekLocaleTest" time="0"/>
  <testcase name="isSundayAndNextRunIsMonday[30]" classname="hudson.scheduler.CronTabDayOfWeekLocaleTest" time="0"/>
  <testcase name="isSundayAndPreviousRunIsFriday[30]" classname="hudson.scheduler.CronTabDayOfWeekLocaleTest" time="0"/>
  <testcase name="isSundayAndNextRunIsTuesday[30]" classname="hudson.scheduler.CronTabDayOfWeekLocaleTest" time="0"/>
  <testcase name="isSundayAndNextRunIsNextSunday7[30]" classname="hudson.scheduler.CronTabDayOfWeekLocaleTest" time="0"/>
  <testcase name="isSundayAndPreviousRunIsMonday[30]" classname="hudson.scheduler.CronTabDayOfWeekLocaleTest" time="0"/>
  <testcase name="isSaturdayAndNextRunIsSundayAsterisk[30]" classname="hudson.scheduler.CronTabDayOfWeekLocaleTest" time="0"/>
  <testcase name="hudson8658[30]" classname="hudson.scheduler.CronTabDayOfWeekLocaleTest" time="0"/>
  <testcase name="isSundayAndNextRunIsNextSunday[30]" classname="hudson.scheduler.CronTabDayOfWeekLocaleTest" time="0.002"/>
  <testcase name="isSundayAndNextRunIsThursday[30]" classname="hudson.scheduler.CronTabDayOfWeekLocaleTest" time="0"/>
  <testcase name="isSundayAndPreviousRunIsPreviousSunday7[30]" classname="hudson.scheduler.CronTabDayOfWeekLocaleTest" time="0"/>
  <testcase name="isSundayAndNextRunIsWednesday[30]" classname="hudson.scheduler.CronTabDayOfWeekLocaleTest" time="0"/>
  <testcase name="isSundayAndNextRunIsSaturday[30]" classname="hudson.scheduler.CronTabDayOfWeekLocaleTest" time="0"/>
  <testcase name="isSundayAndPreviousRunIsTuesday[31]" classname="hudson.scheduler.CronTabDayOfWeekLocaleTest" time="0"/>
  <testcase name="isSundayAndPreviousRunIsThursday[31]" classname="hudson.scheduler.CronTabDayOfWeekLocaleTest" time="0"/>
  <testcase name="isSundayAndPreviousRunIsWednesday[31]" classname="hudson.scheduler.CronTabDayOfWeekLocaleTest" time="0.001"/>
  <testcase name="isSundayAndPreviousRunIsSaturday[31]" classname="hudson.scheduler.CronTabDayOfWeekLocaleTest" time="0"/>
  <testcase name="isSundayAndPreviousRunIsPreviousSunday[31]" classname="hudson.scheduler.CronTabDayOfWeekLocaleTest" time="0"/>
  <testcase name="isSundayAndNextRunIsFriday[31]" classname="hudson.scheduler.CronTabDayOfWeekLocaleTest" time="0"/>
  <testcase name="isSundayAndPreviousRunIsSaturdayAsterisk[31]" classname="hudson.scheduler.CronTabDayOfWeekLocaleTest" time="0"/>
  <testcase name="isSundayAndNextRunIsMonday[31]" classname="hudson.scheduler.CronTabDayOfWeekLocaleTest" time="0"/>
  <testcase name="isSundayAndPreviousRunIsFriday[31]" classname="hudson.scheduler.CronTabDayOfWeekLocaleTest" time="0"/>
  <testcase name="isSundayAndNextRunIsTuesday[31]" classname="hudson.scheduler.CronTabDayOfWeekLocaleTest" time="0"/>
  <testcase name="isSundayAndNextRunIsNextSunday7[31]" classname="hudson.scheduler.CronTabDayOfWeekLocaleTest" time="0"/>
  <testcase name="isSundayAndPreviousRunIsMonday[31]" classname="hudson.scheduler.CronTabDayOfWeekLocaleTest" time="0"/>
  <testcase name="isSaturdayAndNextRunIsSundayAsterisk[31]" classname="hudson.scheduler.CronTabDayOfWeekLocaleTest" time="0.001"/>
  <testcase name="hudson8658[31]" classname="hudson.scheduler.CronTabDayOfWeekLocaleTest" time="0"/>
  <testcase name="isSundayAndNextRunIsNextSunday[31]" classname="hudson.scheduler.CronTabDayOfWeekLocaleTest" time="0"/>
  <testcase name="isSundayAndNextRunIsThursday[31]" classname="hudson.scheduler.CronTabDayOfWeekLocaleTest" time="0"/>
  <testcase name="isSundayAndPreviousRunIsPreviousSunday7[31]" classname="hudson.scheduler.CronTabDayOfWeekLocaleTest" time="0"/>
  <testcase name="isSundayAndNextRunIsWednesday[31]" classname="hudson.scheduler.CronTabDayOfWeekLocaleTest" time="0"/>
  <testcase name="isSundayAndNextRunIsSaturday[31]" classname="hudson.scheduler.CronTabDayOfWeekLocaleTest" time="0"/>
  <testcase name="isSundayAndPreviousRunIsTuesday[32]" classname="hudson.scheduler.CronTabDayOfWeekLocaleTest" time="0"/>
  <testcase name="isSundayAndPreviousRunIsThursday[32]" classname="hudson.scheduler.CronTabDayOfWeekLocaleTest" time="0.001"/>
  <testcase name="isSundayAndPreviousRunIsWednesday[32]" classname="hudson.scheduler.CronTabDayOfWeekLocaleTest" time="0"/>
  <testcase name="isSundayAndPreviousRunIsSaturday[32]" classname="hudson.scheduler.CronTabDayOfWeekLocaleTest" time="0"/>
  <testcase name="isSundayAndPreviousRunIsPreviousSunday[32]" classname="hudson.scheduler.CronTabDayOfWeekLocaleTest" time="0"/>
  <testcase name="isSundayAndNextRunIsFriday[32]" classname="hudson.scheduler.CronTabDayOfWeekLocaleTest" time="0"/>
  <testcase name="isSundayAndPreviousRunIsSaturdayAsterisk[32]" classname="hudson.scheduler.CronTabDayOfWeekLocaleTest" time="0"/>
  <testcase name="isSundayAndNextRunIsMonday[32]" classname="hudson.scheduler.CronTabDayOfWeekLocaleTest" time="0"/>
  <testcase name="isSundayAndPreviousRunIsFriday[32]" classname="hudson.scheduler.CronTabDayOfWeekLocaleTest" time="0"/>
  <testcase name="isSundayAndNextRunIsTuesday[32]" classname="hudson.scheduler.CronTabDayOfWeekLocaleTest" time="0"/>
  <testcase name="isSundayAndNextRunIsNextSunday7[32]" classname="hudson.scheduler.CronTabDayOfWeekLocaleTest" time="0"/>
  <testcase name="isSundayAndPreviousRunIsMonday[32]" classname="hudson.scheduler.CronTabDayOfWeekLocaleTest" time="0.001"/>
  <testcase name="isSaturdayAndNextRunIsSundayAsterisk[32]" classname="hudson.scheduler.CronTabDayOfWeekLocaleTest" time="0"/>
  <testcase name="hudson8658[32]" classname="hudson.scheduler.CronTabDayOfWeekLocaleTest" time="0"/>
  <testcase name="isSundayAndNextRunIsNextSunday[32]" classname="hudson.scheduler.CronTabDayOfWeekLocaleTest" time="0"/>
  <testcase name="isSundayAndNextRunIsThursday[32]" classname="hudson.scheduler.CronTabDayOfWeekLocaleTest" time="0"/>
  <testcase name="isSundayAndPreviousRunIsPreviousSunday7[32]" classname="hudson.scheduler.CronTabDayOfWeekLocaleTest" time="0"/>
  <testcase name="isSundayAndNextRunIsWednesday[32]" classname="hudson.scheduler.CronTabDayOfWeekLocaleTest" time="0"/>
  <testcase name="isSundayAndNextRunIsSaturday[32]" classname="hudson.scheduler.CronTabDayOfWeekLocaleTest" time="0"/>
  <testcase name="isSundayAndPreviousRunIsTuesday[33]" classname="hudson.scheduler.CronTabDayOfWeekLocaleTest" time="0"/>
  <testcase name="isSundayAndPreviousRunIsThursday[33]" classname="hudson.scheduler.CronTabDayOfWeekLocaleTest" time="0.001"/>
  <testcase name="isSundayAndPreviousRunIsWednesday[33]" classname="hudson.scheduler.CronTabDayOfWeekLocaleTest" time="0"/>
  <testcase name="isSundayAndPreviousRunIsSaturday[33]" classname="hudson.scheduler.CronTabDayOfWeekLocaleTest" time="0"/>
  <testcase name="isSundayAndPreviousRunIsPreviousSunday[33]" classname="hudson.scheduler.CronTabDayOfWeekLocaleTest" time="0"/>
  <testcase name="isSundayAndNextRunIsFriday[33]" classname="hudson.scheduler.CronTabDayOfWeekLocaleTest" time="0"/>
  <testcase name="isSundayAndPreviousRunIsSaturdayAsterisk[33]" classname="hudson.scheduler.CronTabDayOfWeekLocaleTest" time="0.005"/>
  <testcase name="isSundayAndNextRunIsMonday[33]" classname="hudson.scheduler.CronTabDayOfWeekLocaleTest" time="0"/>
  <testcase name="isSundayAndPreviousRunIsFriday[33]" classname="hudson.scheduler.CronTabDayOfWeekLocaleTest" time="0.002"/>
  <testcase name="isSundayAndNextRunIsTuesday[33]" classname="hudson.scheduler.CronTabDayOfWeekLocaleTest" time="0"/>
  <testcase name="isSundayAndNextRunIsNextSunday7[33]" classname="hudson.scheduler.CronTabDayOfWeekLocaleTest" time="0"/>
  <testcase name="isSundayAndPreviousRunIsMonday[33]" classname="hudson.scheduler.CronTabDayOfWeekLocaleTest" time="0"/>
  <testcase name="isSaturdayAndNextRunIsSundayAsterisk[33]" classname="hudson.scheduler.CronTabDayOfWeekLocaleTest" time="0"/>
  <testcase name="hudson8658[33]" classname="hudson.scheduler.CronTabDayOfWeekLocaleTest" time="0"/>
  <testcase name="isSundayAndNextRunIsNextSunday[33]" classname="hudson.scheduler.CronTabDayOfWeekLocaleTest" time="0"/>
  <testcase name="isSundayAndNextRunIsThursday[33]" classname="hudson.scheduler.CronTabDayOfWeekLocaleTest" time="0"/>
  <testcase name="isSundayAndPreviousRunIsPreviousSunday7[33]" classname="hudson.scheduler.CronTabDayOfWeekLocaleTest" time="0"/>
  <testcase name="isSundayAndNextRunIsWednesday[33]" classname="hudson.scheduler.CronTabDayOfWeekLocaleTest" time="0"/>
  <testcase name="isSundayAndNextRunIsSaturday[33]" classname="hudson.scheduler.CronTabDayOfWeekLocaleTest" time="0"/>
  <testcase name="isSundayAndPreviousRunIsTuesday[34]" classname="hudson.scheduler.CronTabDayOfWeekLocaleTest" time="0"/>
  <testcase name="isSundayAndPreviousRunIsThursday[34]" classname="hudson.scheduler.CronTabDayOfWeekLocaleTest" time="0"/>
  <testcase name="isSundayAndPreviousRunIsWednesday[34]" classname="hudson.scheduler.CronTabDayOfWeekLocaleTest" time="0"/>
  <testcase name="isSundayAndPreviousRunIsSaturday[34]" classname="hudson.scheduler.CronTabDayOfWeekLocaleTest" time="0"/>
  <testcase name="isSundayAndPreviousRunIsPreviousSunday[34]" classname="hudson.scheduler.CronTabDayOfWeekLocaleTest" time="0"/>
  <testcase name="isSundayAndNextRunIsFriday[34]" classname="hudson.scheduler.CronTabDayOfWeekLocaleTest" time="0"/>
  <testcase name="isSundayAndPreviousRunIsSaturdayAsterisk[34]" classname="hudson.scheduler.CronTabDayOfWeekLocaleTest" time="0"/>
  <testcase name="isSundayAndNextRunIsMonday[34]" classname="hudson.scheduler.CronTabDayOfWeekLocaleTest" time="0"/>
[...]
  <testcase name="isSundayAndPreviousRunIsFriday[148]" classname="hudson.scheduler.CronTabDayOfWeekLocaleTest" time="0"/>
  <testcase name="isSundayAndNextRunIsTuesday[148]" classname="hudson.scheduler.CronTabDayOfWeekLocaleTest" time="0"/>
  <testcase name="isSundayAndNextRunIsNextSunday7[148]" classname="hudson.scheduler.CronTabDayOfWeekLocaleTest" time="0"/>
  <testcase name="isSundayAndPreviousRunIsMonday[148]" classname="hudson.scheduler.CronTabDayOfWeekLocaleTest" time="0"/>
  <testcase name="isSaturdayAndNextRunIsSundayAsterisk[148]" classname="hudson.scheduler.CronTabDayOfWeekLocaleTest" time="0"/>
  <testcase name="hudson8658[148]" classname="hudson.scheduler.CronTabDayOfWeekLocaleTest" time="0"/>
  <testcase name="isSundayAndNextRunIsNextSunday[148]" classname="hudson.scheduler.CronTabDayOfWeekLocaleTest" time="0"/>
  <testcase name="isSundayAndNextRunIsThursday[148]" classname="hudson.scheduler.CronTabDayOfWeekLocaleTest" time="0"/>
  <testcase name="isSundayAndPreviousRunIsPreviousSunday7[148]" classname="hudson.scheduler.CronTabDayOfWeekLocaleTest" time="0.001"/>
  <testcase name="isSundayAndNextRunIsWednesday[148]" classname="hudson.scheduler.CronTabDayOfWeekLocaleTest" time="0"/>
  <testcase name="isSundayAndNextRunIsSaturday[148]" classname="hudson.scheduler.CronTabDayOfWeekLocaleTest" time="0"/>
  <testcase name="isSundayAndPreviousRunIsTuesday[149]" classname="hudson.scheduler.CronTabDayOfWeekLocaleTest" time="0"/>
  <testcase name="isSundayAndPreviousRunIsThursday[149]" classname="hudson.scheduler.CronTabDayOfWeekLocaleTest" time="0"/>
  <testcase name="isSundayAndPreviousRunIsWednesday[149]" classname="hudson.scheduler.CronTabDayOfWeekLocaleTest" time="0"/>
  <testcase name="isSundayAndPreviousRunIsSaturday[149]" classname="hudson.scheduler.CronTabDayOfWeekLocaleTest" time="0"/>
  <testcase name="isSundayAndPreviousRunIsPreviousSunday[149]" classname="hudson.scheduler.CronTabDayOfWeekLocaleTest" time="0"/>
  <testcase name="isSundayAndNextRunIsFriday[149]" classname="hudson.scheduler.CronTabDayOfWeekLocaleTest" time="0"/>
  <testcase name="isSundayAndPreviousRunIsSaturdayAsterisk[149]" classname="hudson.scheduler.CronTabDayOfWeekLocaleTest" time="0.001"/>
  <testcase name="isSundayAndNextRunIsMonday[149]" classname="hudson.scheduler.CronTabDayOfWeekLocaleTest" time="0"/>
  <testcase name="isSundayAndPreviousRunIsFriday[149]" classname="hudson.scheduler.CronTabDayOfWeekLocaleTest" time="0"/>
  <testcase name="isSundayAndNextRunIsTuesday[149]" classname="hudson.scheduler.CronTabDayOfWeekLocaleTest" time="0"/>
  <testcase name="isSundayAndNextRunIsNextSunday7[149]" classname="hudson.scheduler.CronTabDayOfWeekLocaleTest" time="0"/>
  <testcase name="isSundayAndPreviousRunIsMonday[149]" classname="hudson.scheduler.CronTabDayOfWeekLocaleTest" time="0.001"/>
  <testcase name="isSaturdayAndNextRunIsSundayAsterisk[149]" classname="hudson.scheduler.CronTabDayOfWeekLocaleTest" time="0"/>
  <testcase name="hudson8658[149]" classname="hudson.scheduler.CronTabDayOfWeekLocaleTest" time="0"/>
  <testcase name="isSundayAndNextRunIsNextSunday[149]" classname="hudson.scheduler.CronTabDayOfWeekLocaleTest" time="0"/>
  <testcase name="isSundayAndNextRunIsThursday[149]" classname="hudson.scheduler.CronTabDayOfWeekLocaleTest" time="0"/>
  <testcase name="isSundayAndPreviousRunIsPreviousSunday7[149]" classname="hudson.scheduler.CronTabDayOfWeekLocaleTest" time="0"/>
  <testcase name="isSundayAndNextRunIsWednesday[149]" classname="hudson.scheduler.CronTabDayOfWeekLocaleTest" time="0.001"/>
  <testcase name="isSundayAndNextRunIsSaturday[149]" classname="hudson.scheduler.CronTabDayOfWeekLocaleTest" time="0"/>
  <testcase name="isSundayAndPreviousRunIsTuesday[150]" classname="hudson.scheduler.CronTabDayOfWeekLocaleTest" time="0"/>
  <testcase name="isSundayAndPreviousRunIsThursday[150]" classname="hudson.scheduler.CronTabDayOfWeekLocaleTest" time="0"/>
  <testcase name="isSundayAndPreviousRunIsWednesday[150]" classname="hudson.scheduler.CronTabDayOfWeekLocaleTest" time="0"/>
  <testcase name="isSundayAndPreviousRunIsSaturday[150]" classname="hudson.scheduler.CronTabDayOfWeekLocaleTest" time="0"/>
  <testcase name="isSundayAndPreviousRunIsPreviousSunday[150]" classname="hudson.scheduler.CronTabDayOfWeekLocaleTest" time="0"/>
  <testcase name="isSundayAndNextRunIsFriday[150]" classname="hudson.scheduler.CronTabDayOfWeekLocaleTest" time="0"/>
  <testcase name="isSundayAndPreviousRunIsSaturdayAsterisk[150]" classname="hudson.scheduler.CronTabDayOfWeekLocaleTest" time="0"/>
  <testcase name="isSundayAndNextRunIsMonday[150]" classname="hudson.scheduler.CronTabDayOfWeekLocaleTest" time="0"/>
  <testcase name="isSundayAndPreviousRunIsFriday[150]" classname="hudson.scheduler.CronTabDayOfWeekLocaleTest" time="0"/>
  <testcase name="isSundayAndNextRunIsTuesday[150]" classname="hudson.scheduler.CronTabDayOfWeekLocaleTest" time="0"/>
  <testcase name="isSundayAndNextRunIsNextSunday7[150]" classname="hudson.scheduler.CronTabDayOfWeekLocaleTest" time="0.001"/>
  <testcase name="isSundayAndPreviousRunIsMonday[150]" classname="hudson.scheduler.CronTabDayOfWeekLocaleTest" time="0"/>
  <testcase name="isSaturdayAndNextRunIsSundayAsterisk[150]" classname="hudson.scheduler.CronTabDayOfWeekLocaleTest" time="0"/>
  <testcase name="hudson8658[150]" classname="hudson.scheduler.CronTabDayOfWeekLocaleTest" time="0"/>
  <testcase name="isSundayAndNextRunIsNextSunday[150]" classname="hudson.scheduler.CronTabDayOfWeekLocaleTest" time="0"/>
  <testcase name="isSundayAndNextRunIsThursday[150]" classname="hudson.scheduler.CronTabDayOfWeekLocaleTest" time="0"/>
  <testcase name="isSundayAndPreviousRunIsPreviousSunday7[150]" classname="hudson.scheduler.CronTabDayOfWeekLocaleTest" time="0"/>
  <testcase name="isSundayAndNextRunIsWednesday[150]" classname="hudson.scheduler.CronTabDayOfWeekLocaleTest" time="0.001"/>
  <testcase name="isSundayAndNextRunIsSaturday[150]" classname="hudson.scheduler.CronTabDayOfWeekLocaleTest" time="0"/>
  <testcase name="isSundayAndPreviousRunIsTuesday[151]" classname="hudson.scheduler.CronTabDayOfWeekLocaleTest" time="0"/>
  <testcase name="isSundayAndPreviousRunIsThursday[151]" classname="hudson.scheduler.CronTabDayOfWeekLocaleTest" time="0"/>
  <testcase name="isSundayAndPreviousRunIsWednesday[151]" classname="hudson.scheduler.CronTabDayOfWeekLocaleTest" time="0"/>
  <testcase name="isSundayAndPreviousRunIsSaturday[151]" classname="hudson.scheduler.CronTabDayOfWeekLocaleTest" time="0.001"/>
  <testcase name="isSundayAndPreviousRunIsPreviousSunday[151]" classname="hudson.scheduler.CronTabDayOfWeekLocaleTest" time="0"/>
  <testcase name="isSundayAndNextRunIsFriday[151]" classname="hudson.scheduler.CronTabDayOfWeekLocaleTest" time="0"/>
  <testcase name="isSundayAndPreviousRunIsSaturdayAsterisk[151]" classname="hudson.scheduler.CronTabDayOfWeekLocaleTest" time="0"/>
  <testcase name="isSundayAndNextRunIsMonday[151]" classname="hudson.scheduler.CronTabDayOfWeekLocaleTest" time="0"/>
  <testcase name="isSundayAndPreviousRunIsFriday[151]" classname="hudson.scheduler.CronTabDayOfWeekLocaleTest" time="0.001"/>
  <testcase name="isSundayAndNextRunIsTuesday[151]" classname="hudson.scheduler.CronTabDayOfWeekLocaleTest" time="0"/>
  <testcase name="isSundayAndNextRunIsNextSunday7[151]" classname="hudson.scheduler.CronTabDayOfWeekLocaleTest" time="0"/>
  <testcase name="isSundayAndPreviousRunIsMonday[151]" classname="hudson.scheduler.CronTabDayOfWeekLocaleTest" time="0"/>
  <testcase name="isSaturdayAndNextRunIsSundayAsterisk[151]" classname="hudson.scheduler.CronTabDayOfWeekLocaleTest" time="0"/>
  <testcase name="hudson8658[151]" classname="hudson.scheduler.CronTabDayOfWeekLocaleTest" time="0"/>
  <testcase name="isSundayAndNextRunIsNextSunday[151]" classname="hudson.scheduler.CronTabDayOfWeekLocaleTest" time="0"/>
  <testcase name="isSundayAndNextRunIsThursday[151]" classname="hudson.scheduler.CronTabDayOfWeekLocaleTest" time="0"/>
  <testcase name="isSundayAndPreviousRunIsPreviousSunday7[151]" classname="hudson.scheduler.CronTabDayOfWeekLocaleTest" time="0"/>
  <testcase name="isSundayAndNextRunIsWednesday[151]" classname="hudson.scheduler.CronTabDayOfWeekLocaleTest" time="0.001"/>
  <testcase name="isSundayAndNextRunIsSaturday[151]" classname="hudson.scheduler.CronTabDayOfWeekLocaleTest" time="0"/>
  <testcase name="isSundayAndPreviousRunIsTuesday[152]" classname="hudson.scheduler.CronTabDayOfWeekLocaleTest" time="0"/>
  <testcase name="isSundayAndPreviousRunIsThursday[152]" classname="hudson.scheduler.CronTabDayOfWeekLocaleTest" time="0"/>
  <testcase name="isSundayAndPreviousRunIsWednesday[152]" classname="hudson.scheduler.CronTabDayOfWeekLocaleTest" time="0"/>
  <testcase name="isSundayAndPreviousRunIsSaturday[152]" classname="hudson.scheduler.CronTabDayOfWeekLocaleTest" time="0"/>
  <testcase name="isSundayAndPreviousRunIsPreviousSunday[152]" classname="hudson.scheduler.CronTabDayOfWeekLocaleTest" time="0"/>
  <testcase name="isSundayAndNextRunIsFriday[152]" classname="hudson.scheduler.CronTabDayOfWeekLocaleTest" time="0"/>
  <testcase name="isSundayAndPreviousRunIsSaturdayAsterisk[152]" classname="hudson.scheduler.CronTabDayOfWeekLocaleTest" time="0"/>
  <testcase name="isSundayAndNextRunIsMonday[152]" classname="hudson.scheduler.CronTabDayOfWeekLocaleTest" time="0"/>
  <testcase name="isSundayAndPreviousRunIsFriday[152]" classname="hudson.scheduler.CronTabDayOfWeekLocaleTest" time="0.001"/>
  <testcase name="isSundayAndNextRunIsTuesday[152]" classname="hudson.scheduler.CronTabDayOfWeekLocaleTest" time="0"/>
  <testcase name="isSundayAndNextRunIsNextSunday7[152]" classname="hudson.scheduler.CronTabDayOfWeekLocaleTest" time="0"/>
  <testcase name="isSundayAndPreviousRunIsMonday[152]" classname="hudson.scheduler.CronTabDayOfWeekLocaleTest" time="0"/>
  <testcase name="isSaturdayAndNextRunIsSundayAsterisk[152]" classname="hudson.scheduler.CronTabDayOfWeekLocaleTest" time="0"/>
  <testcase name="hudson8658[152]" classname="hudson.scheduler.CronTabDayOfWeekLocaleTest" time="0"/>
  <testcase name="isSundayAndNextRunIsNextSunday[152]" classname="hudson.scheduler.CronTabDayOfWeekLocaleTest" time="0"/>
  <testcase name="isSundayAndNextRunIsThursday[152]" classname="hudson.scheduler.CronTabDayOfWeekLocaleTest" time="0"/>
  <testcase name="isSundayAndPreviousRunIsPreviousSunday7[152]" classname="hudson.scheduler.CronTabDayOfWeekLocaleTest" time="0"/>
  <testcase name="isSundayAndNextRunIsWednesday[152]" classname="hudson.scheduler.CronTabDayOfWeekLocaleTest" time="0"/>
  <testcase name="isSundayAndNextRunIsSaturday[152]" classname="hudson.scheduler.CronTabDayOfWeekLocaleTest" time="0"/>
  <testcase name="isSundayAndPreviousRunIsTuesday[153]" classname="hudson.scheduler.CronTabDayOfWeekLocaleTest" time="0"/>
  <testcase name="isSundayAndPreviousRunIsThursday[153]" classname="hudson.scheduler.CronTabDayOfWeekLocaleTest" time="0"/>
  <testcase name="isSundayAndPreviousRunIsWednesday[153]" classname="hudson.scheduler.CronTabDayOfWeekLocaleTest" time="0"/>
  <testcase name="isSundayAndPreviousRunIsSaturday[153]" classname="hudson.scheduler.CronTabDayOfWeekLocaleTest" time="0"/>
  <testcase name="isSundayAndPreviousRunIsPreviousSunday[153]" classname="hudson.scheduler.CronTabDayOfWeekLocaleTest" time="0"/>
  <testcase name="isSundayAndNextRunIsFriday[153]" classname="hudson.scheduler.CronTabDayOfWeekLocaleTest" time="0"/>
  <testcase name="isSundayAndPreviousRunIsSaturdayAsterisk[153]" classname="hudson.scheduler.CronTabDayOfWeekLocaleTest" time="0"/>
  <testcase name="isSundayAndNextRunIsMonday[153]" classname="hudson.scheduler.CronTabDayOfWeekLocaleTest" time="0"/>
  <testcase name="isSundayAndPreviousRunIsFriday[153]" classname="hudson.scheduler.CronTabDayOfWeekLocaleTest" time="0"/>
  <testcase name="isSundayAndNextRunIsTuesday[153]" classname="hudson.scheduler.CronTabDayOfWeekLocaleTest" time="0"/>
  <testcase name="isSundayAndNextRunIsNextSunday7[153]" classname="hudson.scheduler.CronTabDayOfWeekLocaleTest" time="0.001"/>
  <testcase name="isSundayAndPreviousRunIsMonday[153]" classname="hudson.scheduler.CronTabDayOfWeekLocaleTest" time="0"/>
  <testcase name="isSaturdayAndNextRunIsSundayAsterisk[153]" classname="hudson.scheduler.CronTabDayOfWeekLocaleTest" time="0"/>
  <testcase name="hudson8658[153]" classname="hudson.scheduler.CronTabDayOfWeekLocaleTest" time="0"/>
  <testcase name="isSundayAndNextRunIsNextSunday[153]" classname="hudson.scheduler.CronTabDayOfWeekLocaleTest" time="0"/>
  <testcase name="isSundayAndNextRunIsThursday[153]" classname="hudson.scheduler.CronTabDayOfWeekLocaleTest" time="0"/>
  <testcase name="isSundayAndPreviousRunIsPreviousSunday7[153]" classname="hudson.scheduler.CronTabDayOfWeekLocaleTest" time="0"/>
  <testcase name="isSundayAndNextRunIsWednesday[153]" classname="hudson.scheduler.CronTabDayOfWeekLocaleTest" time="0"/>
  <testcase name="isSundayAndNextRunIsSaturday[153]" classname="hudson.scheduler.CronTabDayOfWeekLocaleTest" time="0"/>
  <testcase name="isSundayAndPreviousRunIsTuesday[154]" classname="hudson.scheduler.CronTabDayOfWeekLocaleTest" time="0"/>
  <testcase name="isSundayAndPreviousRunIsThursday[154]" classname="hudson.scheduler.CronTabDayOfWeekLocaleTest" time="0.001"/>
  <testcase name="isSundayAndPreviousRunIsWednesday[154]" classname="hudson.scheduler.CronTabDayOfWeekLocaleTest" time="0"/>
  <testcase name="isSundayAndPreviousRunIsSaturday[154]" classname="hudson.scheduler.CronTabDayOfWeekLocaleTest" time="0"/>
  <testcase name="isSundayAndPreviousRunIsPreviousSunday[154]" classname="hudson.scheduler.CronTabDayOfWeekLocaleTest" time="0"/>
  <testcase name="isSundayAndNextRunIsFriday[154]" classname="hudson.scheduler.CronTabDayOfWeekLocaleTest" time="0"/>
  <testcase name="isSundayAndPreviousRunIsSaturdayAsterisk[154]" classname="hudson.scheduler.CronTabDayOfWeekLocaleTest" time="0"/>
  <testcase name="isSundayAndNextRunIsMonday[154]" classname="hudson.scheduler.CronTabDayOfWeekLocaleTest" time="0"/>
  <testcase name="isSundayAndPreviousRunIsFriday[154]" classname="hudson.scheduler.CronTabDayOfWeekLocaleTest" time="0"/>
  <testcase name="isSundayAndNextRunIsTuesday[154]" classname="hudson.scheduler.CronTabDayOfWeekLocaleTest" time="0"/>
  <testcase name="isSundayAndNextRunIsNextSunday7[154]" classname="hudson.scheduler.CronTabDayOfWeekLocaleTest" time="0"/>
  <testcase name="isSundayAndPreviousRunIsMonday[154]" classname="hudson.scheduler.CronTabDayOfWeekLocaleTest" time="0"/>
  <testcase name="isSaturdayAndNextRunIsSundayAsterisk[154]" classname="hudson.scheduler.CronTabDayOfWeekLocaleTest" time="0.001"/>
  <testcase name="hudson8658[154]" classname="hudson.scheduler.CronTabDayOfWeekLocaleTest" time="0"/>
  <testcase name="isSundayAndNextRunIsNextSunday[154]" classname="hudson.scheduler.CronTabDayOfWeekLocaleTest" time="0"/>
  <testcase name="isSundayAndNextRunIsThursday[154]" classname="hudson.scheduler.CronTabDayOfWeekLocaleTest" time="0"/>
  <testcase name="isSundayAndPreviousRunIsPreviousSunday7[154]" classname="hudson.scheduler.CronTabDayOfWeekLocaleTest" time="0"/>
  <testcase name="isSundayAndNextRunIsWednesday[154]" classname="hudson.scheduler.CronTabDayOfWeekLocaleTest" time="0"/>
  <testcase name="isSundayAndNextRunIsSaturday[154]" classname="hudson.scheduler.CronTabDayOfWeekLocaleTest" time="0"/>
  <testcase name="isSundayAndPreviousRunIsTuesday[155]" classname="hudson.scheduler.CronTabDayOfWeekLocaleTest" time="0"/>
  <testcase name="isSundayAndPreviousRunIsThursday[155]" classname="hudson.scheduler.CronTabDayOfWeekLocaleTest" time="0"/>
  <testcase name="isSundayAndPreviousRunIsWednesday[155]" classname="hudson.scheduler.CronTabDayOfWeekLocaleTest" time="0"/>
  <testcase name="isSundayAndPreviousRunIsSaturday[155]" classname="hudson.scheduler.CronTabDayOfWeekLocaleTest" time="0"/>
  <testcase name="isSundayAndPreviousRunIsPreviousSunday[155]" classname="hudson.scheduler.CronTabDayOfWeekLocaleTest" time="0"/>
  <testcase name="isSundayAndNextRunIsFriday[155]" classname="hudson.scheduler.CronTabDayOfWeekLocaleTest" time="0"/>
  <testcase name="isSundayAndPreviousRunIsSaturdayAsterisk[155]" classname="hudson.scheduler.CronTabDayOfWeekLocaleTest" time="0"/>
  <testcase name="isSundayAndNextRunIsMonday[155]" classname="hudson.scheduler.CronTabDayOfWeekLocaleTest" time="0"/>
  <testcase name="isSundayAndPreviousRunIsFriday[155]" classname="hudson.scheduler.CronTabDayOfWeekLocaleTest" time="0"/>
  <testcase name="isSundayAndNextRunIsTuesday[155]" classname="hudson.scheduler.CronTabDayOfWeekLocaleTest" time="0"/>
  <testcase name="isSundayAndNextRunIsNextSunday7[155]" classname="hudson.scheduler.CronTabDayOfWeekLocaleTest" time="0"/>
  <testcase name="isSundayAndPreviousRunIsMonday[155]" classname="hudson.scheduler.CronTabDayOfWeekLocaleTest" time="0"/>
  <testcase name="isSaturdayAndNextRunIsSundayAsterisk[155]" classname="hudson.scheduler.CronTabDayOfWeekLocaleTest" time="0"/>
  <testcase name="hudson8658[155]" classname="hudson.scheduler.CronTabDayOfWeekLocaleTest" time="0"/>
  <testcase name="isSundayAndNextRunIsNextSunday[155]" classname="hudson.scheduler.CronTabDayOfWeekLocaleTest" time="0"/>
  <testcase name="isSundayAndNextRunIsThursday[155]" classname="hudson.scheduler.CronTabDayOfWeekLocaleTest" time="0"/>
  <testcase name="isSundayAndPreviousRunIsPreviousSunday7[155]" classname="hudson.scheduler.CronTabDayOfWeekLocaleTest" time="0"/>
  <testcase name="isSundayAndNextRunIsWednesday[155]" classname="hudson.scheduler.CronTabDayOfWeekLocaleTest" time="0"/>
  <testcase name="isSundayAndNextRunIsSaturday[155]" classname="hudson.scheduler.CronTabDayOfWeekLocaleTest" time="0"/>
  <testcase name="isSundayAndPreviousRunIsTuesday[156]" classname="hudson.scheduler.CronTabDayOfWeekLocaleTest" time="0"/>
  <testcase name="isSundayAndPreviousRunIsThursday[156]" classname="hudson.scheduler.CronTabDayOfWeekLocaleTest" time="0"/>
  <testcase name="isSundayAndPreviousRunIsWednesday[156]" classname="hudson.scheduler.CronTabDayOfWeekLocaleTest" time="0"/>
  <testcase name="isSundayAndPreviousRunIsSaturday[156]" classname="hudson.scheduler.CronTabDayOfWeekLocaleTest" time="0"/>
  <testcase name="isSundayAndPreviousRunIsPreviousSunday[156]" classname="hudson.scheduler.CronTabDayOfWeekLocaleTest" time="0"/>
  <testcase name="isSundayAndNextRunIsFriday[156]" classname="hudson.scheduler.CronTabDayOfWeekLocaleTest" time="0"/>
  <testcase name="isSundayAndPreviousRunIsSaturdayAsterisk[156]" classname="hudson.scheduler.CronTabDayOfWeekLocaleTest" time="0"/>
  <testcase name="isSundayAndNextRunIsMonday[156]" classname="hudson.scheduler.CronTabDayOfWeekLocaleTest" time="0"/>
  <testcase name="isSundayAndPreviousRunIsFriday[156]" classname="hudson.scheduler.CronTabDayOfWeekLocaleTest" time="0"/>
  <testcase name="isSundayAndNextRunIsTuesday[156]" classname="hudson.scheduler.CronTabDayOfWeekLocaleTest" time="0"/>
  <testcase name="isSundayAndNextRunIsNextSunday7[156]" classname="hudson.scheduler.CronTabDayOfWeekLocaleTest" time="0"/>
  <testcase name="isSundayAndPreviousRunIsMonday[156]" classname="hudson.scheduler.CronTabDayOfWeekLocaleTest" time="0"/>
  <testcase name="isSaturdayAndNextRunIsSundayAsterisk[156]" classname="hudson.scheduler.CronTabDayOfWeekLocaleTest" time="0"/>
  <testcase name="hudson8658[156]" classname="hudson.scheduler.CronTabDayOfWeekLocaleTest" time="0"/>
  <testcase name="isSundayAndNextRunIsNextSunday[156]" classname="hudson.scheduler.CronTabDayOfWeekLocaleTest" time="0"/>
  <testcase name="isSundayAndNextRunIsThursday[156]" classname="hudson.scheduler.CronTabDayOfWeekLocaleTest" time="0"/>
  <testcase name="isSundayAndPreviousRunIsPreviousSunday7[156]" classname="hudson.scheduler.CronTabDayOfWeekLocaleTest" time="0.001"/>
  <testcase name="isSundayAndNextRunIsWednesday[156]" classname="hudson.scheduler.CronTabDayOfWeekLocaleTest" time="0"/>
  <testcase name="isSundayAndNextRunIsSaturday[156]" classname="hudson.scheduler.CronTabDayOfWeekLocaleTest" time="0"/>
</testsuite>